#
# A fatal error has been detected by the Java Runtime Environment:
#
#  EXCEPTION_ACCESS_VIOLATION (0xc0000005) at pc=0x000000006366f33b, pid=7920, tid=0x00000000000033ec
#
# JRE version: OpenJDK Runtime Environment (8.0_152-b02) (build 1.8.0_152-release-1024-b02)
# Java VM: OpenJDK 64-Bit Server VM (25.152-b02 mixed mode windows-amd64 compressed oops)
# Problematic frame:
# V  [jvm.dll+0xef33b]
#
# Failed to write core dump. Minidumps are not enabled by default on client versions of Windows
#
# If you would like to submit a bug report, please visit:
#   http://bugreport.java.com/bugreport/crash.jsp
#

---------------  T H R E A D  ---------------

Current thread (0x00000000023aa000):  GCTaskThread [stack: 0x0000000012020000,0x0000000012120000] [id=13292]

siginfo: ExceptionCode=0xc0000005, reading address 0x0000000000000008

Registers:
RAX=0x0000000012220000, RBX=0x00000000e43d7328, RCX=0x0000000000000003, RDX=0x0000000000000001
RSP=0x000000001211f490, RBP=0x00000000e42d74c8, RSI=0x000000000247b1f0, RDI=0x000000000247b1f0
R8 =0x0000000000000000, R9 =0x00000001000087b8, R10=0x000000000000000c, R11=0x0000000063b48848
R12=0x00000000e42d74f8, R13=0x0000000100008bf8, R14=0x0000000100008c00, R15=0x00000000e42d74a0
RIP=0x000000006366f33b, EFLAGS=0x0000000000010246

Top of Stack: (sp=0x000000001211f490)
0x000000001211f490:   00000001000087b8 00000000e42d7498
0x000000001211f4a0:   000000000000000b 0000000063775f72
0x000000001211f4b0:   0000000000000000 00000000023aa5e0
0x000000001211f4c0:   00000000023a23f0 000000000247b1f0
0x000000001211f4d0:   0000000000000173 0000000063944030
0x000000001211f4e0:   000000001669abd8 000000001211f5f9
0x000000001211f4f0:   000000000247b1f0 0000000063b95a08
0x000000001211f500:   000000001669a100 000000001211f5f9
0x000000001211f510:   0000000000000000 0000000000000004
0x000000001211f520:   000000000247b1f0 000000006366d9b2
0x000000001211f530:   00000000e4352618 0000000000000000
0x000000001211f540:   0000000000000000 00000000023a23f0
0x000000001211f550:   00000000023aa5f0 00000000023aa5e0
0x000000001211f560:   0000000063b95a08 000000000247b1f0
0x000000001211f570:   0000000000000000 000000001211f5f9
0x000000001211f580:   0000000015d96450 0000000063940ff0 

Instructions: (pc=0x000000006366f33b)
0x000000006366f31b:   6c 00 84 d2 74 16 44 8b 43 08 8b 0d 2d c3 66 00
0x000000006366f32b:   49 d3 e0 4c 03 05 1b c3 66 00 eb 04 4c 8b 43 08
0x000000006366f33b:   45 8b 48 08 45 85 c9 7e 0c 41 f6 c1 01 75 4b 41
0x000000006366f34b:   c1 f9 03 eb 57 79 43 84 d2 41 8b c9 b8 10 00 00 


Register to memory mapping:

RAX=0x0000000012220000 is an unknown value
RBX=0x00000000e43d7328 is an unknown value
RCX=0x0000000000000003 is an unknown value
RDX=0x0000000000000001 is an unknown value
RSP=0x000000001211f490 is an unknown value
RBP=0x00000000e42d74c8 is an oop

[error occurred during error reporting (printing register info), id 0xc0000005]

Stack: [0x0000000012020000,0x0000000012120000],  sp=0x000000001211f490,  free space=1021k
Native frames: (J=compiled Java code, j=interpreted, Vv=VM code, C=native code)
V  [jvm.dll+0xef33b]
V  [jvm.dll+0x3c4030]
V  [jvm.dll+0x3c0ff0]
V  [jvm.dll+0x3beb9e]
V  [jvm.dll+0x26d7ea]
C  [msvcr100.dll+0x21d9f]
C  [msvcr100.dll+0x21e3b]
C  [KERNEL32.DLL+0x13034]
C  [ntdll.dll+0x71551]


---------------  P R O C E S S  ---------------

Java Threads: ( => current thread )
  0x0000000018ee7800 JavaThread "Cache worker for file hash cache (D:\Android\FlickrGallery\.gradle\4.4\fileHashes)" [_thread_blocked, id=12064, stack(0x000000001ba30000,0x000000001bb30000)]
  0x00000000191b3000 JavaThread "File lock request listener" [_thread_in_native, id=12396, stack(0x000000001a960000,0x000000001aa60000)]
  0x0000000018ec1000 JavaThread "Cache worker for file hash cache (C:\Users\pyrov\.gradle\caches\4.4\fileHashes)" [_thread_blocked, id=12156, stack(0x000000001a860000,0x000000001a960000)]
  0x0000000018c68800 JavaThread "Stdin handler" [_thread_blocked, id=2624, stack(0x000000001a560000,0x000000001a660000)]
  0x0000000018c63800 JavaThread "Asynchronous log dispatcher for DefaultDaemonConnection: socket connection from /127.0.0.1:63717 to /127.0.0.1:63718" [_thread_blocked, id=1584, stack(0x000000001a460000,0x000000001a560000)]
  0x0000000017ad7000 JavaThread "Daemon worker" [_thread_blocked, id=220, stack(0x000000001a360000,0x000000001a460000)]
  0x0000000018c6b800 JavaThread "Cancel handler" [_thread_blocked, id=6416, stack(0x000000001a260000,0x000000001a360000)]
  0x0000000018c4b000 JavaThread "Handler for socket connection from /127.0.0.1:63717 to /127.0.0.1:63718" [_thread_in_native, id=11168, stack(0x0000000019f60000,0x000000001a060000)]
  0x0000000018c4a800 JavaThread "Daemon" [_thread_blocked, id=11604, stack(0x0000000019e60000,0x0000000019f60000)]
  0x0000000018de2800 JavaThread "Daemon periodic checks" [_thread_blocked, id=3680, stack(0x0000000019d60000,0x0000000019e60000)]
  0x0000000018de1800 JavaThread "Incoming local TCP Connector on port 63717" [_thread_in_native, id=10132, stack(0x0000000019b20000,0x0000000019c20000)]
  0x0000000017840800 JavaThread "Service Thread" daemon [_thread_blocked, id=7148, stack(0x0000000017c10000,0x0000000017d10000)]
  0x0000000015eca800 JavaThread "C1 CompilerThread2" daemon [_thread_blocked, id=2988, stack(0x0000000017710000,0x0000000017810000)]
  0x0000000015ebf000 JavaThread "C2 CompilerThread1" daemon [_thread_blocked, id=7176, stack(0x0000000017610000,0x0000000017710000)]
  0x0000000015eba800 JavaThread "C2 CompilerThread0" daemon [_thread_blocked, id=3356, stack(0x0000000017510000,0x0000000017610000)]
  0x0000000015eb9800 JavaThread "Attach Listener" daemon [_thread_blocked, id=10676, stack(0x0000000017410000,0x0000000017510000)]
  0x0000000015ec7800 JavaThread "Signal Dispatcher" daemon [_thread_blocked, id=2468, stack(0x0000000017310000,0x0000000017410000)]
  0x0000000015ea7000 JavaThread "Finalizer" daemon [_thread_blocked, id=472, stack(0x0000000017110000,0x0000000017210000)]
  0x0000000002481000 JavaThread "Reference Handler" daemon [_thread_blocked, id=7076, stack(0x0000000017010000,0x0000000017110000)]
  0x0000000002390800 JavaThread "main" [_thread_blocked, id=13228, stack(0x0000000002230000,0x0000000002330000)]

Other Threads:
  0x0000000015e85000 VMThread [stack: 0x0000000016f10000,0x0000000017010000] [id=1792]
  0x0000000015f1c800 WatcherThread [stack: 0x0000000017d10000,0x0000000017e10000] [id=7860]

=>0x00000000023aa000 (exited) GCTaskThread [stack: 0x0000000012020000,0x0000000012120000] [id=13292]

VM state:at safepoint (normal execution)

VM Mutex/Monitor currently owned by a thread:  ([mutex/lock_event])
[0x000000000254c070] Threads_lock - owner thread: 0x0000000015e85000
[0x000000000254c6f0] Heap_lock - owner thread: 0x0000000017ad7000

Heap:
 PSYoungGen      total 71680K, used 5114K [0x00000000e0000000, 0x00000000e9700000, 0x0000000100000000)
  eden space 66560K, 0% used [0x00000000e0000000,0x00000000e0000000,0x00000000e4100000)
  from space 5120K, 99% used [0x00000000e4100000,0x00000000e45feb38,0x00000000e4600000)
  to   space 10752K, 0% used [0x00000000e8c80000,0x00000000e8c80000,0x00000000e9700000)
 ParOldGen       total 87552K, used 8962K [0x00000000a0000000, 0x00000000a5580000, 0x00000000e0000000)
  object space 87552K, 10% used [0x00000000a0000000,0x00000000a08c08f8,0x00000000a5580000)
 Metaspace       used 20823K, capacity 21208K, committed 21248K, reserved 1067008K
  class space    used 2890K, capacity 3042K, committed 3072K, reserved 1048576K

Card table byte_map: [0x0000000011910000,0x0000000011c20000] byte_map_base: 0x0000000011410000

Marking Bits: (ParMarkBitMap*) 0x0000000063d44970
 Begin Bits: [0x0000000012220000, 0x0000000013a20000)
 End Bits:   [0x0000000013a20000, 0x0000000015220000)

Polling page: 0x00000000001f0000

CodeCache: size=245760Kb used=6055Kb max_used=6074Kb free=239704Kb
 bounds [0x0000000002550000, 0x0000000002b50000, 0x0000000011550000]
 total_blobs=2155 nmethods=1775 adapters=293
 compilation: enabled

Compilation events (10 events):
Event: 3.863 Thread 0x0000000015eca800 1781       3       org.codehaus.groovy.ast.MethodNode::getTypeDescriptor (133 bytes)
Event: 3.865 Thread 0x0000000015eca800 nmethod 1781 0x0000000002b04b90 code [0x0000000002b04ee0, 0x0000000002b06ae8]
Event: 3.865 Thread 0x0000000015eca800 1782       3       org.codehaus.groovy.ast.MethodNode::isStatic (16 bytes)
Event: 3.865 Thread 0x0000000015eba800 1784       4       java.util.jar.JarFile::maybeInstantiateVerifier (96 bytes)
Event: 3.865 Thread 0x0000000015eca800 nmethod 1782 0x0000000002b04810 code [0x0000000002b04960, 0x0000000002b04b10]
Event: 3.865 Thread 0x0000000015eca800 1783       1       java.util.Collections$EmptyList::isEmpty (2 bytes)
Event: 3.865 Thread 0x0000000015eca800 nmethod 1783 0x0000000002b37f50 code [0x0000000002b380a0, 0x0000000002b381b0]
Event: 3.874 Thread 0x0000000015eba800 nmethod 1784 0x0000000002b3b250 code [0x0000000002b3b3e0, 0x0000000002b3b838]
Event: 3.874 Thread 0x0000000015eba800 1785   !   4       java.lang.ClassLoader::loadClass (122 bytes)
Event: 3.880 Thread 0x0000000015ebf000 nmethod 1538 0x0000000002b3f290 code [0x0000000002b3f480, 0x0000000002b41450]

GC Heap History (10 events):
Event: 0.848 GC heap after
Heap after GC invocations=1 (full 0):
 PSYoungGen      total 38400K, used 4141K [0x00000000e0000000, 0x00000000e2a80000, 0x0000000100000000)
  eden space 33280K, 0% used [0x00000000e0000000,0x00000000e0000000,0x00000000e2080000)
  from space 5120K, 80% used [0x00000000e2080000,0x00000000e248b5c0,0x00000000e2580000)
  to   space 5120K, 0% used [0x00000000e2580000,0x00000000e2580000,0x00000000e2a80000)
 ParOldGen       total 87552K, used 8K [0x00000000a0000000, 0x00000000a5580000, 0x00000000e0000000)
  object space 87552K, 0% used [0x00000000a0000000,0x00000000a0002000,0x00000000a5580000)
 Metaspace       used 6895K, capacity 7060K, committed 7424K, reserved 1056768K
  class space    used 843K, capacity 909K, committed 1024K, reserved 1048576K
}
Event: 2.384 GC heap before
{Heap before GC invocations=2 (full 0):
 PSYoungGen      total 38400K, used 37421K [0x00000000e0000000, 0x00000000e2a80000, 0x0000000100000000)
  eden space 33280K, 100% used [0x00000000e0000000,0x00000000e2080000,0x00000000e2080000)
  from space 5120K, 80% used [0x00000000e2080000,0x00000000e248b5c0,0x00000000e2580000)
  to   space 5120K, 0% used [0x00000000e2580000,0x00000000e2580000,0x00000000e2a80000)
 ParOldGen       total 87552K, used 8K [0x00000000a0000000, 0x00000000a5580000, 0x00000000e0000000)
  object space 87552K, 0% used [0x00000000a0000000,0x00000000a0002000,0x00000000a5580000)
 Metaspace       used 11301K, capacity 11622K, committed 11904K, reserved 1058816K
  class space    used 1499K, capacity 1597K, committed 1664K, reserved 1048576K
Event: 2.391 GC heap after
Heap after GC invocations=2 (full 0):
 PSYoungGen      total 38400K, used 5119K [0x00000000e0000000, 0x00000000e2a80000, 0x0000000100000000)
  eden space 33280K, 0% used [0x00000000e0000000,0x00000000e0000000,0x00000000e2080000)
  from space 5120K, 99% used [0x00000000e2580000,0x00000000e2a7fd18,0x00000000e2a80000)
  to   space 5120K, 0% used [0x00000000e2080000,0x00000000e2080000,0x00000000e2580000)
 ParOldGen       total 87552K, used 422K [0x00000000a0000000, 0x00000000a5580000, 0x00000000e0000000)
  object space 87552K, 0% used [0x00000000a0000000,0x00000000a0069b38,0x00000000a5580000)
 Metaspace       used 11301K, capacity 11622K, committed 11904K, reserved 1058816K
  class space    used 1499K, capacity 1597K, committed 1664K, reserved 1048576K
}
Event: 2.749 GC heap before
{Heap before GC invocations=3 (full 0):
 PSYoungGen      total 38400K, used 38399K [0x00000000e0000000, 0x00000000e2a80000, 0x0000000100000000)
  eden space 33280K, 100% used [0x00000000e0000000,0x00000000e2080000,0x00000000e2080000)
  from space 5120K, 99% used [0x00000000e2580000,0x00000000e2a7fd18,0x00000000e2a80000)
  to   space 5120K, 0% used [0x00000000e2080000,0x00000000e2080000,0x00000000e2580000)
 ParOldGen       total 87552K, used 422K [0x00000000a0000000, 0x00000000a5580000, 0x00000000e0000000)
  object space 87552K, 0% used [0x00000000a0000000,0x00000000a0069b38,0x00000000a5580000)
 Metaspace       used 14417K, capacity 14782K, committed 14976K, reserved 1062912K
  class space    used 2015K, capacity 2127K, committed 2176K, reserved 1048576K
Event: 2.762 GC heap after
Heap after GC invocations=3 (full 0):
 PSYoungGen      total 38400K, used 5095K [0x00000000e0000000, 0x00000000e4b00000, 0x0000000100000000)
  eden space 33280K, 0% used [0x00000000e0000000,0x00000000e0000000,0x00000000e2080000)
  from space 5120K, 99% used [0x00000000e2080000,0x00000000e2579da8,0x00000000e2580000)
  to   space 5120K, 0% used [0x00000000e4600000,0x00000000e4600000,0x00000000e4b00000)
 ParOldGen       total 87552K, used 2319K [0x00000000a0000000, 0x00000000a5580000, 0x00000000e0000000)
  object space 87552K, 2% used [0x00000000a0000000,0x00000000a0243e90,0x00000000a5580000)
 Metaspace       used 14417K, capacity 14782K, committed 14976K, reserved 1062912K
  class space    used 2015K, capacity 2127K, committed 2176K, reserved 1048576K
}
Event: 3.412 GC heap before
{Heap before GC invocations=4 (full 0):
 PSYoungGen      total 38400K, used 38375K [0x00000000e0000000, 0x00000000e4b00000, 0x0000000100000000)
  eden space 33280K, 100% used [0x00000000e0000000,0x00000000e2080000,0x00000000e2080000)
  from space 5120K, 99% used [0x00000000e2080000,0x00000000e2579da8,0x00000000e2580000)
  to   space 5120K, 0% used [0x00000000e4600000,0x00000000e4600000,0x00000000e4b00000)
 ParOldGen       total 87552K, used 2319K [0x00000000a0000000, 0x00000000a5580000, 0x00000000e0000000)
  object space 87552K, 2% used [0x00000000a0000000,0x00000000a0243e90,0x00000000a5580000)
 Metaspace       used 17609K, capacity 18034K, committed 18176K, reserved 1064960K
  class space    used 2551K, capacity 2689K, committed 2816K, reserved 1048576K
Event: 3.429 GC heap after
Heap after GC invocations=4 (full 0):
 PSYoungGen      total 71680K, used 5088K [0x00000000e0000000, 0x00000000e4b00000, 0x0000000100000000)
  eden space 66560K, 0% used [0x00000000e0000000,0x00000000e0000000,0x00000000e4100000)
  from space 5120K, 99% used [0x00000000e4600000,0x00000000e4af8040,0x00000000e4b00000)
  to   space 5120K, 0% used [0x00000000e4100000,0x00000000e4100000,0x00000000e4600000)
 ParOldGen       total 87552K, used 5644K [0x00000000a0000000, 0x00000000a5580000, 0x00000000e0000000)
  object space 87552K, 6% used [0x00000000a0000000,0x00000000a0583050,0x00000000a5580000)
 Metaspace       used 17609K, capacity 18034K, committed 18176K, reserved 1064960K
  class space    used 2551K, capacity 2689K, committed 2816K, reserved 1048576K
}
Event: 3.889 GC heap before
{Heap before GC invocations=5 (full 0):
 PSYoungGen      total 71680K, used 25627K [0x00000000e0000000, 0x00000000e4b00000, 0x0000000100000000)
  eden space 66560K, 30% used [0x00000000e0000000,0x00000000e140ec98,0x00000000e4100000)
  from space 5120K, 99% used [0x00000000e4600000,0x00000000e4af8040,0x00000000e4b00000)
  to   space 5120K, 0% used [0x00000000e4100000,0x00000000e4100000,0x00000000e4600000)
 ParOldGen       total 87552K, used 5644K [0x00000000a0000000, 0x00000000a5580000, 0x00000000e0000000)
  object space 87552K, 6% used [0x00000000a0000000,0x00000000a0583050,0x00000000a5580000)
 Metaspace       used 20823K, capacity 21208K, committed 21248K, reserved 1067008K
  class space    used 2890K, capacity 3042K, committed 3072K, reserved 1048576K
Event: 3.898 GC heap after
Heap after GC invocations=5 (full 0):
 PSYoungGen      total 71680K, used 5114K [0x00000000e0000000, 0x00000000e9700000, 0x0000000100000000)
  eden space 66560K, 0% used [0x00000000e0000000,0x00000000e0000000,0x00000000e4100000)
  from space 5120K, 99% used [0x00000000e4100000,0x00000000e45feb38,0x00000000e4600000)
  to   space 10752K, 0% used [0x00000000e8c80000,0x00000000e8c80000,0x00000000e9700000)
 ParOldGen       total 87552K, used 8962K [0x00000000a0000000, 0x00000000a5580000, 0x00000000e0000000)
  object space 87552K, 10% used [0x00000000a0000000,0x00000000a08c08f8,0x00000000a5580000)
 Metaspace       used 20823K, capacity 21208K, committed 21248K, reserved 1067008K
  class space    used 2890K, capacity 3042K, committed 3072K, reserved 1048576K
}
Event: 3.898 GC heap before
{Heap before GC invocations=6 (full 1):
 PSYoungGen      total 71680K, used 5114K [0x00000000e0000000, 0x00000000e9700000, 0x0000000100000000)
  eden space 66560K, 0% used [0x00000000e0000000,0x00000000e0000000,0x00000000e4100000)
  from space 5120K, 99% used [0x00000000e4100000,0x00000000e45feb38,0x00000000e4600000)
  to   space 10752K, 0% used [0x00000000e8c80000,0x00000000e8c80000,0x00000000e9700000)
 ParOldGen       total 87552K, used 8962K [0x00000000a0000000, 0x00000000a5580000, 0x00000000e0000000)
  object space 87552K, 10% used [0x00000000a0000000,0x00000000a08c08f8,0x00000000a5580000)
 Metaspace       used 20823K, capacity 21208K, committed 21248K, reserved 1067008K
  class space    used 2890K, capacity 3042K, committed 3072K, reserved 1048576K

Deoptimization events (10 events):
Event: 3.069 Thread 0x0000000017ad7000 Uncommon trap: reason=unstable_if action=reinterpret pc=0x00000000026a7508 method=java.net.URI.match(CJJ)Z @ 19
Event: 3.069 Thread 0x0000000017ad7000 Uncommon trap: reason=unstable_if action=reinterpret pc=0x00000000027fa040 method=java.net.URI.match(CJJ)Z @ 19
Event: 3.119 Thread 0x0000000017ad7000 Uncommon trap: reason=unstable_if action=reinterpret pc=0x00000000027ede98 method=java.io.File.getName()Ljava/lang/String; @ 16
Event: 3.221 Thread 0x0000000017ad7000 Uncommon trap: reason=bimorphic action=maybe_recompile pc=0x00000000029dc21c method=java.lang.ClassLoader.loadClass(Ljava/lang/String;Z)Ljava/lang/Class; @ 38
Event: 3.224 Thread 0x0000000017ad7000 Uncommon trap: reason=bimorphic action=maybe_recompile pc=0x00000000029dc21c method=java.lang.ClassLoader.loadClass(Ljava/lang/String;Z)Ljava/lang/Class; @ 38
Event: 3.224 Thread 0x0000000017ad7000 Uncommon trap: reason=bimorphic action=maybe_recompile pc=0x00000000029dc21c method=java.lang.ClassLoader.loadClass(Ljava/lang/String;Z)Ljava/lang/Class; @ 38
Event: 3.224 Thread 0x0000000017ad7000 Uncommon trap: reason=bimorphic action=maybe_recompile pc=0x00000000029dc21c method=java.lang.ClassLoader.loadClass(Ljava/lang/String;Z)Ljava/lang/Class; @ 38
Event: 3.445 Thread 0x0000000017ad7000 Uncommon trap: reason=unstable_if action=reinterpret pc=0x0000000002834288 method=java.lang.AbstractStringBuilder.append(Ljava/lang/String;)Ljava/lang/AbstractStringBuilder; @ 1
Event: 3.445 Thread 0x0000000017ad7000 Uncommon trap: reason=unstable_if action=reinterpret pc=0x0000000002769a7c method=java.lang.AbstractStringBuilder.append(Ljava/lang/String;)Ljava/lang/AbstractStringBuilder; @ 1
Event: 3.789 Thread 0x0000000017ad7000 Uncommon trap: reason=unstable_if action=reinterpret pc=0x0000000002950130 method=java.util.LinkedHashMap.afterNodeInsertion(Z)V @ 1

Classes redefined (0 events):
No events

Internal exceptions (10 events):
Event: 3.300 Thread 0x0000000017ad7000 Exception <a 'java/lang/NoSuchMethodError': <clinit>> (0x00000000e1d157e8) thrown at [D:\src\AOSP-openjdk-cygwin\jdk8u\hotspot\src\share\vm\prims\jni.cpp, line 1613]
Event: 3.300 Thread 0x0000000017ad7000 Exception <a 'java/lang/NoSuchMethodError': <clinit>> (0x00000000e1d1a070) thrown at [D:\src\AOSP-openjdk-cygwin\jdk8u\hotspot\src\share\vm\prims\jni.cpp, line 1613]
Event: 3.302 Thread 0x0000000017ad7000 Exception <a 'java/lang/NoSuchMethodError': <clinit>> (0x00000000e1d260b8) thrown at [D:\src\AOSP-openjdk-cygwin\jdk8u\hotspot\src\share\vm\prims\jni.cpp, line 1613]
Event: 3.303 Thread 0x0000000017ad7000 Exception <a 'java/lang/NoSuchMethodError': <clinit>> (0x00000000e1d3a2f8) thrown at [D:\src\AOSP-openjdk-cygwin\jdk8u\hotspot\src\share\vm\prims\jni.cpp, line 1613]
Event: 3.305 Thread 0x0000000017ad7000 Exception <a 'java/lang/NoSuchMethodError': <clinit>> (0x00000000e1d45740) thrown at [D:\src\AOSP-openjdk-cygwin\jdk8u\hotspot\src\share\vm\prims\jni.cpp, line 1613]
Event: 3.350 Thread 0x0000000017ad7000 Exception <a 'java/lang/NoSuchMethodError': <clinit>> (0x00000000e1d96008) thrown at [D:\src\AOSP-openjdk-cygwin\jdk8u\hotspot\src\share\vm\prims\jni.cpp, line 1613]
Event: 3.350 Thread 0x0000000017ad7000 Exception <a 'java/lang/NoSuchMethodError': <clinit>> (0x00000000e1d99cc8) thrown at [D:\src\AOSP-openjdk-cygwin\jdk8u\hotspot\src\share\vm\prims\jni.cpp, line 1613]
Event: 3.350 Thread 0x0000000017ad7000 Exception <a 'java/lang/NoSuchMethodError': <clinit>> (0x00000000e1d9b7d0) thrown at [D:\src\AOSP-openjdk-cygwin\jdk8u\hotspot\src\share\vm\prims\jni.cpp, line 1613]
Event: 3.445 Thread 0x0000000017ad7000 Implicit null exception at 0x0000000002833ed6 to 0x0000000002834271
Event: 3.445 Thread 0x0000000017ad7000 Implicit null exception at 0x0000000002769657 to 0x0000000002769a65

Events (10 events):
Event: 3.886 loading class org/codehaus/groovy/classgen/asm/StatementWriter done
Event: 3.887 loading class org/codehaus/groovy/classgen/asm/OptimizingStatementWriter
Event: 3.887 loading class org/codehaus/groovy/classgen/asm/OptimizingStatementWriter done
Event: 3.887 loading class org/codehaus/groovy/classgen/asm/TypeChooser
Event: 3.887 loading class org/codehaus/groovy/classgen/asm/TypeChooser done
Event: 3.888 loading class org/codehaus/groovy/classgen/asm/indy/InvokeDynamicWriter
Event: 3.888 loading class org/codehaus/groovy/classgen/asm/indy/InvokeDynamicWriter done
Event: 3.888 loading class org/codehaus/groovy/classgen/asm/InvocationWriter
Event: 3.888 loading class org/codehaus/groovy/classgen/asm/InvocationWriter done
Event: 3.889 Executing VM operation: CollectForMetadataAllocation


Dynamic libraries:
0x00007ff72c280000 - 0x00007ff72c2b1000 	D:\Android\Android Studio\jre\bin\java.exe
0x00007ffc03890000 - 0x00007ffc03a71000 	C:\WINDOWS\SYSTEM32\ntdll.dll
0x00007ffc00d20000 - 0x00007ffc00dd2000 	C:\WINDOWS\System32\KERNEL32.DLL
0x00007ffbffe60000 - 0x00007ffc000d3000 	C:\WINDOWS\System32\KERNELBASE.dll
0x00007ffc013f0000 - 0x00007ffc01491000 	C:\WINDOWS\System32\ADVAPI32.dll
0x00007ffc01620000 - 0x00007ffc016be000 	C:\WINDOWS\System32\msvcrt.dll
0x00007ffc00de0000 - 0x00007ffc00e3b000 	C:\WINDOWS\System32\sechost.dll
0x00007ffc01d90000 - 0x00007ffc01eb4000 	C:\WINDOWS\System32\RPCRT4.dll
0x00007ffc01010000 - 0x00007ffc011a0000 	C:\WINDOWS\System32\USER32.dll
0x00007ffbffe40000 - 0x00007ffbffe60000 	C:\WINDOWS\System32\win32u.dll
0x00007ffc011a0000 - 0x00007ffc011c8000 	C:\WINDOWS\System32\GDI32.dll
0x00007ffc000e0000 - 0x00007ffc00272000 	C:\WINDOWS\System32\gdi32full.dll
0x00007ffc00c80000 - 0x00007ffc00d1f000 	C:\WINDOWS\System32\msvcp_win.dll
0x00007ffc00470000 - 0x00007ffc0056a000 	C:\WINDOWS\System32\ucrtbase.dll
0x00007ffbf3590000 - 0x00007ffbf37f9000 	C:\WINDOWS\WinSxS\amd64_microsoft.windows.common-controls_6595b64144ccf1df_6.0.17134.1_none_e4da93291059d8fb\COMCTL32.dll
0x00007ffc016c0000 - 0x00007ffc019e3000 	C:\WINDOWS\System32\combase.dll
0x00007ffbffc60000 - 0x00007ffbffcda000 	C:\WINDOWS\System32\bcryptPrimitives.dll
0x00007ffc01d50000 - 0x00007ffc01d7d000 	C:\WINDOWS\System32\IMM32.DLL
0x00000000633c0000 - 0x0000000063492000 	D:\Android\Android Studio\jre\jre\bin\msvcr100.dll
0x0000000063580000 - 0x0000000063dbf000 	D:\Android\Android Studio\jre\jre\bin\server\jvm.dll
0x00007ffc015a0000 - 0x00007ffc015a8000 	C:\WINDOWS\System32\PSAPI.DLL
0x00007ffbe3b30000 - 0x00007ffbe3b39000 	C:\WINDOWS\SYSTEM32\WSOCK32.dll
0x00007ffbf9320000 - 0x00007ffbf932a000 	C:\WINDOWS\SYSTEM32\VERSION.dll
0x00007ffbfade0000 - 0x00007ffbfae03000 	C:\WINDOWS\SYSTEM32\WINMM.dll
0x00007ffc015b0000 - 0x00007ffc0161c000 	C:\WINDOWS\System32\WS2_32.dll
0x00007ffbfad90000 - 0x00007ffbfadba000 	C:\WINDOWS\SYSTEM32\winmmbase.dll
0x00007ffbffd90000 - 0x00007ffbffdd9000 	C:\WINDOWS\System32\cfgmgr32.dll
0x00007ffbf8b00000 - 0x00007ffbf8b0f000 	D:\Android\Android Studio\jre\jre\bin\verify.dll
0x00007ffbf10f0000 - 0x00007ffbf1119000 	D:\Android\Android Studio\jre\jre\bin\java.dll
0x00007ffbf4cc0000 - 0x00007ffbf4cd6000 	D:\Android\Android Studio\jre\jre\bin\zip.dll
0x00007ffc01ec0000 - 0x00007ffc03300000 	C:\WINDOWS\System32\SHELL32.dll
0x00007ffc037b0000 - 0x00007ffc03859000 	C:\WINDOWS\System32\shcore.dll
0x00007ffc00570000 - 0x00007ffc00c7d000 	C:\WINDOWS\System32\windows.storage.dll
0x00007ffc03750000 - 0x00007ffc037a1000 	C:\WINDOWS\System32\shlwapi.dll
0x00007ffbffc20000 - 0x00007ffbffc31000 	C:\WINDOWS\System32\kernel.appcore.dll
0x00007ffbffc40000 - 0x00007ffbffc5f000 	C:\WINDOWS\System32\profapi.dll
0x00007ffbffbd0000 - 0x00007ffbffc1c000 	C:\WINDOWS\System32\powrprof.dll
0x00007ffbffba0000 - 0x00007ffbffbaa000 	C:\WINDOWS\System32\FLTLIB.DLL
0x00007ffbf2590000 - 0x00007ffbf25aa000 	D:\Android\Android Studio\jre\jre\bin\net.dll
0x00007ffbff420000 - 0x00007ffbff486000 	C:\WINDOWS\system32\mswsock.dll
0x00007ffbf0330000 - 0x00007ffbf0341000 	D:\Android\Android Studio\jre\jre\bin\nio.dll
0x00007ffbf10b0000 - 0x00007ffbf10ce000 	C:\Users\pyrov\.gradle\native\25\windows-amd64\native-platform.dll
0x00007ffbf2f50000 - 0x00007ffbf2f5d000 	D:\Android\Android Studio\jre\jre\bin\management.dll
0x00007ffbff5e0000 - 0x00007ffbff5f7000 	C:\WINDOWS\SYSTEM32\CRYPTSP.dll
0x00007ffbff000000 - 0x00007ffbff033000 	C:\WINDOWS\system32\rsaenh.dll
0x00007ffbff700000 - 0x00007ffbff725000 	C:\WINDOWS\SYSTEM32\bcrypt.dll
0x00007ffbffaa0000 - 0x00007ffbffac8000 	C:\WINDOWS\SYSTEM32\USERENV.dll
0x00007ffbff5d0000 - 0x00007ffbff5db000 	C:\WINDOWS\SYSTEM32\CRYPTBASE.dll
0x00007ffbff1a0000 - 0x00007ffbff1d8000 	C:\WINDOWS\SYSTEM32\IPHLPAPI.DLL
0x00007ffc01d80000 - 0x00007ffc01d88000 	C:\WINDOWS\System32\NSI.dll
0x00007ffbf9de0000 - 0x00007ffbf9df6000 	C:\WINDOWS\SYSTEM32\dhcpcsvc6.DLL
0x00007ffbf9dc0000 - 0x00007ffbf9dda000 	C:\WINDOWS\SYSTEM32\dhcpcsvc.DLL
0x00007ffbf8460000 - 0x00007ffbf8629000 	C:\WINDOWS\SYSTEM32\dbghelp.dll

VM Arguments:
jvm_args: -Xmx1536m -Dfile.encoding=windows-1251 -Duser.country=RU -Duser.language=ru -Duser.variant 
java_command: org.gradle.launcher.daemon.bootstrap.GradleDaemon 4.4
java_class_path (initial): C:\Users\pyrov\.gradle\wrapper\dists\gradle-4.4-all\9br9xq1tocpiv8o6njlyu5op1\gradle-4.4\lib\gradle-launcher-4.4.jar
Launcher Type: SUN_STANDARD

Environment Variables:
PATH=C:\Windows\system32;C:\Windows;C:\Windows\System32\Wbem;C:\Windows\System32\WindowsPowerShell\v1.0\;C:\WINDOWS\system32;C:\WINDOWS;C:\WINDOWS\System32\Wbem;C:\WINDOWS\System32\WindowsPowerShell\v1.0\;C:\WINDOWS\System32\OpenSSH\;D:\Git\cmd;C:\Program Files (x86)\NVIDIA Corporation\PhysX\Common;C:\Users\pyrov\AppData\Local\Microsoft\WindowsApps;
USERNAME=pyrov
OS=Windows_NT
PROCESSOR_IDENTIFIER=Intel64 Family 6 Model 69 Stepping 1, GenuineIntel



---------------  S Y S T E M  ---------------

OS: Windows 10.0 , 64 bit Build 17134 (10.0.17134.1)

CPU:total 4 (initial active 4) (2 cores per cpu, 2 threads per core) family 6 model 69 stepping 1, cmov, cx8, fxsr, mmx, sse, sse2, sse3, ssse3, sse4.1, sse4.2, popcnt, avx, avx2, aes, clmul, erms, lzcnt, ht, tsc, tscinvbit, bmi1, bmi2

Memory: 4k page, physical 8317080k(2979624k free), swap 9627800k(3528672k free)

vm_info: OpenJDK 64-Bit Server VM (25.152-b02) for windows-amd64 JRE (1.8.0_152-release-1024-b02), built by "builder" with MS VC++ 10.0 (VS2010)

time: Fri May 04 16:16:56 2018
elapsed time: 3 seconds (0d 0h 0m 3s)

