#
# A fatal error has been detected by the Java Runtime Environment:
#
#  EXCEPTION_ACCESS_VIOLATION (0xc0000005) at pc=0x0000000063a61e8e, pid=7400, tid=0x0000000000001eac
#
# JRE version: OpenJDK Runtime Environment (8.0_152-b02) (build 1.8.0_152-release-1024-b02)
# Java VM: OpenJDK 64-Bit Server VM (25.152-b02 mixed mode windows-amd64 compressed oops)
# Problematic frame:
# V  [jvm.dll+0x4e1e8e]
#
# Failed to write core dump. Minidumps are not enabled by default on client versions of Windows
#
# If you would like to submit a bug report, please visit:
#   http://bugreport.java.com/bugreport/crash.jsp
#

---------------  T H R E A D  ---------------

Current thread (0x0000000016318000):  JavaThread "C2 CompilerThread0" daemon [_thread_in_native, id=7852, stack(0x0000000017970000,0x0000000017a70000)]

siginfo: ExceptionCode=0xc0000005, reading address 0x000000001f319ddc

Registers:
RAX=0x000000001c95e650, RBX=0x0000000000000006, RCX=0x000000001c4f1430, RDX=0x00000000000017b2
RSP=0x0000000017a6c2c0, RBP=0x0000000017a6c3c0, RSI=0x0000000000000150, RDI=0x000000001f319d90
R8 =0x00000000000017b2, R9 =0x0000000000000002, R10=0x00000000200f4228, R11=0x000000001c475470
R12=0x0000000000000003, R13=0x000000001bcca8d0, R14=0x0000000000000000, R15=0x0000000017a6c9b0
RIP=0x0000000063a61e8e, EFLAGS=0x0000000000010202

Top of Stack: (sp=0x0000000017a6c2c0)
0x0000000017a6c2c0:   0000000000000006 0000000000000150
0x0000000017a6c2d0:   0000000017a6c3c0 0000000000000003
0x0000000017a6c2e0:   0000000000000001 00000000000017ae
0x0000000017a6c2f0:   0000000000000001 000000001e88a200
0x0000000017a6c300:   0000000017a6c4a0 000000000000000a
0x0000000017a6c310:   000000000000000c 000000001f047aa0
0x0000000017a6c320:   0000000000000005 0000000000000005
0x0000000017a6c330:   0000000063d450b0 0000000500000074
0x0000000017a6c340:   00000a9700000000 0000000017a6c690
0x0000000017a6c350:   000000000000000f 000000001e887880
0x0000000017a6c360:   0000000000000001 00000a9700000074
0x0000000017a6c370:   0000000017a6c690 000000000000000f
0x0000000017a6c380:   000000001e884e20 0000000000000000
0x0000000017a6c390:   000000001d8bcff0 0000000017fb0c70
0x0000000017a6c3a0:   0000000000000002 00000000000003d8
0x0000000017a6c3b0:   0000000017fb1048 0000000017fb0c60 

Instructions: (pc=0x0000000063a61e8e)
0x0000000063a61e6e:   00 00 4c 89 6d 20 44 89 a5 98 02 00 00 48 89 bd
0x0000000063a61e7e:   80 00 00 00 e8 89 07 f5 ff 48 8b 8d 88 00 00 00
0x0000000063a61e8e:   44 8b 5f 4c 41 8b c4 48 8b 14 c1 48 89 45 38 41
0x0000000063a61e9e:   8b c3 c1 e8 05 3b 42 10 0f 82 b0 01 00 00 41 8b 


Register to memory mapping:

RAX=0x000000001c95e650 is an unknown value
RBX=0x0000000000000006 is an unknown value
RCX=0x000000001c4f1430 is an unknown value
RDX=0x00000000000017b2 is an unknown value
RSP=0x0000000017a6c2c0 is pointing into the stack for thread: 0x0000000016318000
RBP=0x0000000017a6c3c0 is pointing into the stack for thread: 0x0000000016318000
RSI=0x0000000000000150 is an unknown value
RDI=0x000000001f319d90 is an unknown value
R8 =0x00000000000017b2 is an unknown value
R9 =0x0000000000000002 is an unknown value
R10=0x00000000200f4228 is an unknown value
R11=0x000000001c475470 is an unknown value
R12=0x0000000000000003 is an unknown value
R13=0x000000001bcca8d0 is an unknown value
R14=0x0000000000000000 is an unknown value
R15=0x0000000017a6c9b0 is pointing into the stack for thread: 0x0000000016318000


Stack: [0x0000000017970000,0x0000000017a70000],  sp=0x0000000017a6c2c0,  free space=1008k
Native frames: (J=compiled Java code, j=interpreted, Vv=VM code, C=native code)
V  [jvm.dll+0x4e1e8e]
V  [jvm.dll+0x4349d6]
V  [jvm.dll+0x43f76b]
V  [jvm.dll+0x44203e]
V  [jvm.dll+0x4250b2]
V  [jvm.dll+0x814c8]
V  [jvm.dll+0x81dff]
V  [jvm.dll+0x21d2df]
V  [jvm.dll+0x26d7ea]
C  [msvcr100.dll+0x21d9f]
C  [msvcr100.dll+0x21e3b]
C  [KERNEL32.DLL+0x13034]
C  [ntdll.dll+0x71551]


Current CompileTask:
C2:  57826 13035       4       java.io.WinNTFileSystem::normalize (231 bytes)


---------------  P R O C E S S  ---------------

Java Threads: ( => current thread )
  0x0000000024d91000 JavaThread "Task worker for ':' Thread 3" [_thread_blocked, id=12300, stack(0x000000002ecb0000,0x000000002edb0000)]
  0x0000000024d90000 JavaThread "Task worker for ':' Thread 2" [_thread_blocked, id=4264, stack(0x000000002ebb0000,0x000000002ecb0000)]
  0x0000000024d8f800 JavaThread "Task worker for ':'" [_thread_in_native, id=4588, stack(0x000000002eab0000,0x000000002ebb0000)]
  0x0000000024d88000 JavaThread "Cache worker for Build Output Cleanup Cache (D:\Android\FlickrGallery\.gradle\buildOutputCleanup)" [_thread_blocked, id=2380, stack(0x000000002e9b0000,0x000000002eab0000)]
  0x0000000024d8e800 JavaThread "Cache worker for task history cache (D:\Android\FlickrGallery\.gradle\4.4\taskHistory)" [_thread_blocked, id=11356, stack(0x000000002e8b0000,0x000000002e9b0000)]
  0x0000000024d87000 JavaThread "Cache worker for file content cache (D:\Android\FlickrGallery\.gradle\4.4\fileContent)" [_thread_blocked, id=11352, stack(0x000000002e7b0000,0x000000002e8b0000)]
  0x0000000024d8e000 JavaThread "build operations Thread 4" [_thread_blocked, id=2096, stack(0x000000002e6b0000,0x000000002e7b0000)]
  0x0000000024d8d000 JavaThread "build operations Thread 3" [_thread_blocked, id=7324, stack(0x000000002e5b0000,0x000000002e6b0000)]
  0x0000000024d8c800 JavaThread "build operations Thread 2" [_thread_blocked, id=9104, stack(0x000000002e4b0000,0x000000002e5b0000)]
  0x0000000024d8b800 JavaThread "build operations" [_thread_blocked, id=12172, stack(0x000000002e3b0000,0x000000002e4b0000)]
  0x0000000024d84000 JavaThread "Cache worker for Artifact transforms cache (C:\Users\pyrov\.gradle\caches\transforms-1)" [_thread_blocked, id=6172, stack(0x000000002e2b0000,0x000000002e3b0000)]
  0x0000000024d86800 JavaThread "Cache worker for file hash cache (D:\Android\FlickrGallery\.gradle\4.4\fileHashes)" [_thread_blocked, id=12124, stack(0x000000002e1b0000,0x000000002e2b0000)]
  0x0000000024d88800 JavaThread "Stdin handler" [_thread_blocked, id=9928, stack(0x000000002e0b0000,0x000000002e1b0000)]
  0x0000000024d8b000 JavaThread "Asynchronous log dispatcher for DefaultDaemonConnection: socket connection from /127.0.0.1:63222 to /127.0.0.1:63250" [_thread_blocked, id=8188, stack(0x000000002dfb0000,0x000000002e0b0000)]
  0x0000000024d85000 JavaThread "Cancel handler" [_thread_blocked, id=3416, stack(0x000000002deb0000,0x000000002dfb0000)]
  0x0000000024d8a000 JavaThread "Handler for socket connection from /127.0.0.1:63222 to /127.0.0.1:63250" [_thread_in_native, id=11240, stack(0x000000002ddb0000,0x000000002deb0000)]
  0x000000001b957000 JavaThread "Memory manager" [_thread_blocked, id=3808, stack(0x0000000021010000,0x0000000021110000)]
  0x000000001964a000 JavaThread "File lock request listener" [_thread_in_native, id=4512, stack(0x000000001adc0000,0x000000001aec0000)]
  0x0000000019402800 JavaThread "Cache worker for file hash cache (C:\Users\pyrov\.gradle\caches\4.4\fileHashes)" [_thread_blocked, id=10316, stack(0x000000001acc0000,0x000000001adc0000)]
  0x000000001902d000 JavaThread "Daemon worker" [_thread_blocked, id=2284, stack(0x000000001a7c0000,0x000000001a8c0000)]
  0x00000000192fc000 JavaThread "Daemon" [_thread_blocked, id=4948, stack(0x000000001a2c0000,0x000000001a3c0000)]
  0x0000000019236800 JavaThread "Daemon periodic checks" [_thread_blocked, id=308, stack(0x000000001a1c0000,0x000000001a2c0000)]
  0x000000001922c800 JavaThread "Incoming local TCP Connector on port 63222" [_thread_in_native, id=12948, stack(0x0000000019f80000,0x000000001a080000)]
  0x000000001637d800 JavaThread "Service Thread" daemon [_thread_blocked, id=12828, stack(0x0000000018070000,0x0000000018170000)]
  0x0000000016322000 JavaThread "C1 CompilerThread2" daemon [_thread_blocked, id=2572, stack(0x0000000017b70000,0x0000000017c70000)]
  0x000000001631c800 JavaThread "C2 CompilerThread1" daemon [_thread_in_native, id=12940, stack(0x0000000017a70000,0x0000000017b70000)]
=>0x0000000016318000 JavaThread "C2 CompilerThread0" daemon [_thread_in_native, id=7852, stack(0x0000000017970000,0x0000000017a70000)]
  0x0000000016327000 JavaThread "Attach Listener" daemon [_thread_blocked, id=5448, stack(0x0000000017870000,0x0000000017970000)]
  0x0000000016326000 JavaThread "Signal Dispatcher" daemon [_thread_blocked, id=13296, stack(0x0000000017770000,0x0000000017870000)]
  0x0000000016307000 JavaThread "Finalizer" daemon [_thread_blocked, id=1204, stack(0x0000000017570000,0x0000000017670000)]
  0x00000000029a1000 JavaThread "Reference Handler" daemon [_thread_blocked, id=3776, stack(0x0000000017470000,0x0000000017570000)]
  0x00000000028b0800 JavaThread "main" [_thread_blocked, id=6208, stack(0x00000000027b0000,0x00000000028b0000)]

Other Threads:
  0x00000000162e5000 VMThread [stack: 0x0000000017370000,0x0000000017470000] [id=5856]
  0x000000001637e000 WatcherThread [stack: 0x0000000018170000,0x0000000018270000] [id=4668]

VM state:not at safepoint (normal execution)

VM Mutex/Monitor currently owned by a thread: None

Heap:
 PSYoungGen      total 296960K, used 147684K [0x00000000e0000000, 0x00000000f4b80000, 0x0000000100000000)
  eden space 266752K, 50% used [0x00000000e0000000,0x00000000e8246570,0x00000000f0480000)
  from space 30208K, 47% used [0x00000000f2e00000,0x00000000f3bf2ba8,0x00000000f4b80000)
  to   space 36352K, 0% used [0x00000000f0480000,0x00000000f0480000,0x00000000f2800000)
 ParOldGen       total 151552K, used 74219K [0x00000000a0000000, 0x00000000a9400000, 0x00000000e0000000)
  object space 151552K, 48% used [0x00000000a0000000,0x00000000a487ac58,0x00000000a9400000)
 Metaspace       used 71229K, capacity 74366K, committed 74584K, reserved 1114112K
  class space    used 9381K, capacity 10018K, committed 10112K, reserved 1048576K

Card table byte_map: [0x0000000011d70000,0x0000000012080000] byte_map_base: 0x0000000011870000

Marking Bits: (ParMarkBitMap*) 0x0000000063d44970
 Begin Bits: [0x0000000012680000, 0x0000000013e80000)
 End Bits:   [0x0000000013e80000, 0x0000000015680000)

Polling page: 0x0000000000990000

CodeCache: size=245760Kb used=33903Kb max_used=33903Kb free=211856Kb
 bounds [0x00000000029b0000, 0x0000000004b00000, 0x00000000119b0000]
 total_blobs=11690 nmethods=10882 adapters=719
 compilation: enabled

Compilation events (10 events):
Event: 57.751 Thread 0x0000000016322000 13187       1       org.gradle.cache.internal.DefaultFileLockManager$DefaultFileLock::access$500 (5 bytes)
Event: 57.751 Thread 0x0000000016322000 nmethod 13187 0x0000000004af1a90 code [0x0000000004af1be0, 0x0000000004af1cd0]
Event: 57.752 Thread 0x0000000016322000 13189       3       java.lang.Character::isBmpCodePoint (13 bytes)
Event: 57.753 Thread 0x0000000016322000 nmethod 13189 0x0000000004af1d50 code [0x0000000004af1ea0, 0x0000000004af2030]
Event: 57.753 Thread 0x0000000016322000 13190       1       org.gradle.cache.internal.filelock.LockOptionsBuilder::getMode (5 bytes)
Event: 57.754 Thread 0x0000000016322000 nmethod 13190 0x0000000004af2090 code [0x0000000004af21e0, 0x0000000004af22f0]
Event: 57.757 Thread 0x0000000016322000 13192       3       java.security.AccessController::getContext (23 bytes)
Event: 57.758 Thread 0x0000000016322000 nmethod 13192 0x0000000004af26d0 code [0x0000000004af2860, 0x0000000004af2bd8]
Event: 57.761 Thread 0x0000000016322000 13194       3       com.google.common.cache.LocalCache::expiresAfterWrite (15 bytes)
Event: 57.761 Thread 0x0000000016322000 nmethod 13194 0x0000000004af2d50 code [0x0000000004af2ea0, 0x0000000004af3050]

GC Heap History (10 events):
Event: 17.142 GC heap before
{Heap before GC invocations=13 (full 3):
 PSYoungGen      total 194560K, used 14841K [0x00000000e0000000, 0x00000000ed500000, 0x0000000100000000)
  eden space 177152K, 0% used [0x00000000e0000000,0x00000000e0000000,0x00000000ead00000)
  from space 17408K, 85% used [0x00000000ec400000,0x00000000ed27e770,0x00000000ed500000)
  to   space 20480K, 0% used [0x00000000ead00000,0x00000000ead00000,0x00000000ec100000)
 ParOldGen       total 100352K, used 35623K [0x00000000a0000000, 0x00000000a6200000, 0x00000000e0000000)
  object space 100352K, 35% used [0x00000000a0000000,0x00000000a22c9f48,0x00000000a6200000)
 Metaspace       used 57175K, capacity 58992K, committed 59028K, reserved 1099776K
  class space    used 7739K, capacity 8171K, committed 8192K, reserved 1048576K
Event: 17.341 GC heap after
Heap after GC invocations=13 (full 3):
 PSYoungGen      total 194560K, used 0K [0x00000000e0000000, 0x00000000ed500000, 0x0000000100000000)
  eden space 177152K, 0% used [0x00000000e0000000,0x00000000e0000000,0x00000000ead00000)
  from space 17408K, 0% used [0x00000000ec400000,0x00000000ec400000,0x00000000ed500000)
  to   space 20480K, 0% used [0x00000000ead00000,0x00000000ead00000,0x00000000ec100000)
 ParOldGen       total 151552K, used 36018K [0x00000000a0000000, 0x00000000a9400000, 0x00000000e0000000)
  object space 151552K, 23% used [0x00000000a0000000,0x00000000a232cbd8,0x00000000a9400000)
 Metaspace       used 57133K, capacity 58888K, committed 59028K, reserved 1099776K
  class space    used 7723K, capacity 8143K, committed 8192K, reserved 1048576K
}
Event: 19.452 GC heap before
{Heap before GC invocations=14 (full 3):
 PSYoungGen      total 194560K, used 177152K [0x00000000e0000000, 0x00000000ed500000, 0x0000000100000000)
  eden space 177152K, 100% used [0x00000000e0000000,0x00000000ead00000,0x00000000ead00000)
  from space 17408K, 0% used [0x00000000ec400000,0x00000000ec400000,0x00000000ed500000)
  to   space 20480K, 0% used [0x00000000ead00000,0x00000000ead00000,0x00000000ec100000)
 ParOldGen       total 151552K, used 36018K [0x00000000a0000000, 0x00000000a9400000, 0x00000000e0000000)
  object space 151552K, 23% used [0x00000000a0000000,0x00000000a232cbd8,0x00000000a9400000)
 Metaspace       used 64935K, capacity 67556K, committed 67672K, reserved 1107968K
  class space    used 8694K, capacity 9251K, committed 9344K, reserved 1048576K
Event: 19.475 GC heap after
Heap after GC invocations=14 (full 3):
 PSYoungGen      total 197632K, used 10403K [0x00000000e0000000, 0x00000000ef480000, 0x0000000100000000)
  eden space 177152K, 0% used [0x00000000e0000000,0x00000000e0000000,0x00000000ead00000)
  from space 20480K, 50% used [0x00000000ead00000,0x00000000eb728f00,0x00000000ec100000)
  to   space 19456K, 0% used [0x00000000ee180000,0x00000000ee180000,0x00000000ef480000)
 ParOldGen       total 151552K, used 36026K [0x00000000a0000000, 0x00000000a9400000, 0x00000000e0000000)
  object space 151552K, 23% used [0x00000000a0000000,0x00000000a232ebd8,0x00000000a9400000)
 Metaspace       used 64935K, capacity 67556K, committed 67672K, reserved 1107968K
  class space    used 8694K, capacity 9251K, committed 9344K, reserved 1048576K
}
Event: 21.441 GC heap before
{Heap before GC invocations=15 (full 3):
 PSYoungGen      total 197632K, used 187555K [0x00000000e0000000, 0x00000000ef480000, 0x0000000100000000)
  eden space 177152K, 100% used [0x00000000e0000000,0x00000000ead00000,0x00000000ead00000)
  from space 20480K, 50% used [0x00000000ead00000,0x00000000eb728f00,0x00000000ec100000)
  to   space 19456K, 0% used [0x00000000ee180000,0x00000000ee180000,0x00000000ef480000)
 ParOldGen       total 151552K, used 36026K [0x00000000a0000000, 0x00000000a9400000, 0x00000000e0000000)
  object space 151552K, 23% used [0x00000000a0000000,0x00000000a232ebd8,0x00000000a9400000)
 Metaspace       used 65955K, capacity 68672K, committed 68824K, reserved 1107968K
  class space    used 8804K, capacity 9365K, committed 9472K, reserved 1048576K
Event: 21.500 GC heap after
Heap after GC invocations=15 (full 3):
 PSYoungGen      total 222208K, used 19439K [0x00000000e0000000, 0x00000000f0c00000, 0x0000000100000000)
  eden space 202752K, 0% used [0x00000000e0000000,0x00000000e0000000,0x00000000ec600000)
  from space 19456K, 99% used [0x00000000ee180000,0x00000000ef47bc28,0x00000000ef480000)
  to   space 28160K, 0% used [0x00000000ec600000,0x00000000ec600000,0x00000000ee180000)
 ParOldGen       total 151552K, used 53160K [0x00000000a0000000, 0x00000000a9400000, 0x00000000e0000000)
  object space 151552K, 35% used [0x00000000a0000000,0x00000000a33ea218,0x00000000a9400000)
 Metaspace       used 65955K, capacity 68672K, committed 68824K, reserved 1107968K
  class space    used 8804K, capacity 9365K, committed 9472K, reserved 1048576K
}
Event: 23.125 GC heap before
{Heap before GC invocations=16 (full 3):
 PSYoungGen      total 222208K, used 222191K [0x00000000e0000000, 0x00000000f0c00000, 0x0000000100000000)
  eden space 202752K, 100% used [0x00000000e0000000,0x00000000ec600000,0x00000000ec600000)
  from space 19456K, 99% used [0x00000000ee180000,0x00000000ef47bc28,0x00000000ef480000)
  to   space 28160K, 0% used [0x00000000ec600000,0x00000000ec600000,0x00000000ee180000)
 ParOldGen       total 151552K, used 53160K [0x00000000a0000000, 0x00000000a9400000, 0x00000000e0000000)
  object space 151552K, 35% used [0x00000000a0000000,0x00000000a33ea218,0x00000000a9400000)
 Metaspace       used 66232K, capacity 68992K, committed 69336K, reserved 1110016K
  class space    used 8814K, capacity 9377K, committed 9472K, reserved 1048576K
Event: 23.280 GC heap after
Heap after GC invocations=16 (full 3):
 PSYoungGen      total 230912K, used 28129K [0x00000000e0000000, 0x00000000f5300000, 0x0000000100000000)
  eden space 202752K, 0% used [0x00000000e0000000,0x00000000e0000000,0x00000000ec600000)
  from space 28160K, 99% used [0x00000000ec600000,0x00000000ee1784b8,0x00000000ee180000)
  to   space 37888K, 0% used [0x00000000f2e00000,0x00000000f2e00000,0x00000000f5300000)
 ParOldGen       total 151552K, used 68376K [0x00000000a0000000, 0x00000000a9400000, 0x00000000e0000000)
  object space 151552K, 45% used [0x00000000a0000000,0x00000000a42c6010,0x00000000a9400000)
 Metaspace       used 66232K, capacity 68992K, committed 69336K, reserved 1110016K
  class space    used 8814K, capacity 9377K, committed 9472K, reserved 1048576K
}
Event: 25.888 GC heap before
{Heap before GC invocations=17 (full 3):
 PSYoungGen      total 230912K, used 230881K [0x00000000e0000000, 0x00000000f5300000, 0x0000000100000000)
  eden space 202752K, 100% used [0x00000000e0000000,0x00000000ec600000,0x00000000ec600000)
  from space 28160K, 99% used [0x00000000ec600000,0x00000000ee1784b8,0x00000000ee180000)
  to   space 37888K, 0% used [0x00000000f2e00000,0x00000000f2e00000,0x00000000f5300000)
 ParOldGen       total 151552K, used 68376K [0x00000000a0000000, 0x00000000a9400000, 0x00000000e0000000)
  object space 151552K, 45% used [0x00000000a0000000,0x00000000a42c6010,0x00000000a9400000)
 Metaspace       used 67365K, capacity 70216K, committed 70488K, reserved 1110016K
  class space    used 8983K, capacity 9571K, committed 9600K, reserved 1048576K
Event: 25.927 GC heap after
Heap after GC invocations=17 (full 3):
 PSYoungGen      total 296960K, used 14282K [0x00000000e0000000, 0x00000000f4b80000, 0x0000000100000000)
  eden space 266752K, 0% used [0x00000000e0000000,0x00000000e0000000,0x00000000f0480000)
  from space 30208K, 47% used [0x00000000f2e00000,0x00000000f3bf2ba8,0x00000000f4b80000)
  to   space 36352K, 0% used [0x00000000f0480000,0x00000000f0480000,0x00000000f2800000)
 ParOldGen       total 151552K, used 74219K [0x00000000a0000000, 0x00000000a9400000, 0x00000000e0000000)
  object space 151552K, 48% used [0x00000000a0000000,0x00000000a487ac58,0x00000000a9400000)
 Metaspace       used 67365K, capacity 70216K, committed 70488K, reserved 1110016K
  class space    used 8983K, capacity 9571K, committed 9600K, reserved 1048576K
}

Deoptimization events (10 events):
Event: 57.133 Thread 0x00000000192fc000 Uncommon trap: reason=bimorphic action=maybe_recompile pc=0x0000000003c29b94 method=java.util.HashMap.removeNode(ILjava/lang/Object;Ljava/lang/Object;ZZ)Ljava/util/HashMap$Node; @ 283
Event: 57.145 Thread 0x000000001902d000 Uncommon trap: reason=null_check action=make_not_entrant pc=0x0000000003d30a48 method=org.gradle.internal.serialize.DefaultSerializerRegistry$TaggedTypeSerializer.map(Ljava/lang/Class;)Lorg/gradle/internal/serialize/DefaultSerializerRegistry$TypeInfo; @ 1
Event: 57.148 Thread 0x000000001902d000 Uncommon trap: reason=unstable_if action=reinterpret pc=0x0000000003caf534 method=java.io.WinNTFileSystem.parentOrNull(Ljava/lang/String;)Ljava/lang/String; @ 62
Event: 57.166 Thread 0x000000001902d000 Uncommon trap: reason=unstable_if action=reinterpret pc=0x0000000003cb2568 method=org.gradle.internal.hash.HashCode.equals(Ljava/lang/Object;)Z @ 2
Event: 57.372 Thread 0x000000001902d000 Uncommon trap: reason=unstable_if action=reinterpret pc=0x00000000049c1b48 method=com.google.gson.stream.JsonReader.nextNonWhitespace(Z)I @ 61
Event: 57.561 Thread 0x000000001902d000 Uncommon trap: reason=class_check action=maybe_recompile pc=0x00000000047a0c14 method=java.util.stream.StreamOpFlag.fromCharacteristics(Ljava/util/Spliterator;)I @ 14
Event: 57.612 Thread 0x000000001902d000 Uncommon trap: reason=class_check action=maybe_recompile pc=0x00000000038110fc method=java.util.regex.Matcher.search(I)Z @ 86
Event: 57.612 Thread 0x000000001902d000 Uncommon trap: reason=class_check action=maybe_recompile pc=0x0000000003764038 method=java.util.regex.Matcher.search(I)Z @ 86
Event: 57.656 Thread 0x000000001902d000 Uncommon trap: reason=class_check action=maybe_recompile pc=0x00000000038110fc method=java.util.regex.Matcher.search(I)Z @ 86
Event: 57.656 Thread 0x000000001902d000 Uncommon trap: reason=class_check action=maybe_recompile pc=0x00000000036e07a0 method=java.util.regex.Matcher.search(I)Z @ 86

Classes redefined (0 events):
No events

Internal exceptions (10 events):
Event: 57.557 Thread 0x000000001902d000 Exception <a 'sun/nio/fs/WindowsException'> (0x00000000e7748080) thrown at [D:\src\AOSP-openjdk-cygwin\jdk8u\hotspot\src\share\vm\prims\jni.cpp, line 709]
Event: 57.557 Thread 0x000000001902d000 Exception <a 'sun/nio/fs/WindowsException'> (0x00000000e7748e60) thrown at [D:\src\AOSP-openjdk-cygwin\jdk8u\hotspot\src\share\vm\prims\jni.cpp, line 709]
Event: 57.557 Thread 0x000000001902d000 Exception <a 'sun/nio/fs/WindowsException'> (0x00000000e774ba98) thrown at [D:\src\AOSP-openjdk-cygwin\jdk8u\hotspot\src\share\vm\prims\jni.cpp, line 709]
Event: 57.557 Thread 0x000000001902d000 Exception <a 'sun/nio/fs/WindowsException'> (0x00000000e774c738) thrown at [D:\src\AOSP-openjdk-cygwin\jdk8u\hotspot\src\share\vm\prims\jni.cpp, line 709]
Event: 57.557 Thread 0x000000001902d000 Exception <a 'sun/nio/fs/WindowsException'> (0x00000000e774e7f0) thrown at [D:\src\AOSP-openjdk-cygwin\jdk8u\hotspot\src\share\vm\prims\jni.cpp, line 709]
Event: 57.557 Thread 0x000000001902d000 Exception <a 'sun/nio/fs/WindowsException'> (0x00000000e774f4c8) thrown at [D:\src\AOSP-openjdk-cygwin\jdk8u\hotspot\src\share\vm\prims\jni.cpp, line 709]
Event: 57.558 Thread 0x000000001902d000 Exception <a 'sun/nio/fs/WindowsException'> (0x00000000e7752230) thrown at [D:\src\AOSP-openjdk-cygwin\jdk8u\hotspot\src\share\vm\prims\jni.cpp, line 709]
Event: 57.558 Thread 0x000000001902d000 Exception <a 'sun/nio/fs/WindowsException'> (0x00000000e7752fa8) thrown at [D:\src\AOSP-openjdk-cygwin\jdk8u\hotspot\src\share\vm\prims\jni.cpp, line 709]
Event: 57.558 Thread 0x000000001902d000 Exception <a 'sun/nio/fs/WindowsException'> (0x00000000e7755128) thrown at [D:\src\AOSP-openjdk-cygwin\jdk8u\hotspot\src\share\vm\prims\jni.cpp, line 709]
Event: 57.558 Thread 0x000000001902d000 Exception <a 'sun/nio/fs/WindowsException'> (0x00000000e7755ee0) thrown at [D:\src\AOSP-openjdk-cygwin\jdk8u\hotspot\src\share\vm\prims\jni.cpp, line 709]

Events (10 events):
Event: 57.759 loading class org/gradle/api/tasks/Delete$1
Event: 57.759 loading class org/gradle/api/tasks/Delete$1 done
Event: 57.759 loading class org/gradle/api/internal/file/delete/DefaultDeleteSpec
Event: 57.759 loading class org/gradle/api/internal/file/delete/DefaultDeleteSpec done
Event: 57.760 loading class org/gradle/api/tasks/WorkResults
Event: 57.760 loading class org/gradle/api/tasks/WorkResults done
Event: 57.760 loading class org/gradle/api/tasks/WorkResults$1
Event: 57.760 loading class org/gradle/api/tasks/WorkResults$1 done
Event: 57.760 loading class org/gradle/api/tasks/WorkResults$2
Event: 57.760 loading class org/gradle/api/tasks/WorkResults$2 done


Dynamic libraries:
0x00007ff72c280000 - 0x00007ff72c2b1000 	D:\Android\Android Studio\jre\bin\java.exe
0x00007ffc03890000 - 0x00007ffc03a71000 	C:\WINDOWS\SYSTEM32\ntdll.dll
0x00007ffc00d20000 - 0x00007ffc00dd2000 	C:\WINDOWS\System32\KERNEL32.DLL
0x00007ffbffe60000 - 0x00007ffc000d3000 	C:\WINDOWS\System32\KERNELBASE.dll
0x00007ffc013f0000 - 0x00007ffc01491000 	C:\WINDOWS\System32\ADVAPI32.dll
0x00007ffc01620000 - 0x00007ffc016be000 	C:\WINDOWS\System32\msvcrt.dll
0x00007ffc00de0000 - 0x00007ffc00e3b000 	C:\WINDOWS\System32\sechost.dll
0x00007ffc01d90000 - 0x00007ffc01eb4000 	C:\WINDOWS\System32\RPCRT4.dll
0x00007ffc01010000 - 0x00007ffc011a0000 	C:\WINDOWS\System32\USER32.dll
0x00007ffbffe40000 - 0x00007ffbffe60000 	C:\WINDOWS\System32\win32u.dll
0x00007ffc011a0000 - 0x00007ffc011c8000 	C:\WINDOWS\System32\GDI32.dll
0x00007ffc000e0000 - 0x00007ffc00272000 	C:\WINDOWS\System32\gdi32full.dll
0x00007ffc00c80000 - 0x00007ffc00d1f000 	C:\WINDOWS\System32\msvcp_win.dll
0x00007ffc00470000 - 0x00007ffc0056a000 	C:\WINDOWS\System32\ucrtbase.dll
0x00007ffbf3590000 - 0x00007ffbf37f9000 	C:\WINDOWS\WinSxS\amd64_microsoft.windows.common-controls_6595b64144ccf1df_6.0.17134.1_none_e4da93291059d8fb\COMCTL32.dll
0x00007ffc016c0000 - 0x00007ffc019e3000 	C:\WINDOWS\System32\combase.dll
0x00007ffbffc60000 - 0x00007ffbffcda000 	C:\WINDOWS\System32\bcryptPrimitives.dll
0x00007ffc01d50000 - 0x00007ffc01d7d000 	C:\WINDOWS\System32\IMM32.DLL
0x00000000633c0000 - 0x0000000063492000 	D:\Android\Android Studio\jre\jre\bin\msvcr100.dll
0x0000000063580000 - 0x0000000063dbf000 	D:\Android\Android Studio\jre\jre\bin\server\jvm.dll
0x00007ffc015a0000 - 0x00007ffc015a8000 	C:\WINDOWS\System32\PSAPI.DLL
0x00007ffbf9320000 - 0x00007ffbf932a000 	C:\WINDOWS\SYSTEM32\VERSION.dll
0x00007ffbfade0000 - 0x00007ffbfae03000 	C:\WINDOWS\SYSTEM32\WINMM.dll
0x00007ffbe3b30000 - 0x00007ffbe3b39000 	C:\WINDOWS\SYSTEM32\WSOCK32.dll
0x00007ffc015b0000 - 0x00007ffc0161c000 	C:\WINDOWS\System32\WS2_32.dll
0x00007ffbfad90000 - 0x00007ffbfadba000 	C:\WINDOWS\SYSTEM32\winmmbase.dll
0x00007ffbffd90000 - 0x00007ffbffdd9000 	C:\WINDOWS\System32\cfgmgr32.dll
0x00007ffbfc700000 - 0x00007ffbfc70f000 	D:\Android\Android Studio\jre\jre\bin\verify.dll
0x00007ffbf2f50000 - 0x00007ffbf2f79000 	D:\Android\Android Studio\jre\jre\bin\java.dll
0x00007ffbf25f0000 - 0x00007ffbf2606000 	D:\Android\Android Studio\jre\jre\bin\zip.dll
0x00007ffc01ec0000 - 0x00007ffc03300000 	C:\WINDOWS\System32\SHELL32.dll
0x00007ffc037b0000 - 0x00007ffc03859000 	C:\WINDOWS\System32\shcore.dll
0x00007ffc00570000 - 0x00007ffc00c7d000 	C:\WINDOWS\System32\windows.storage.dll
0x00007ffc03750000 - 0x00007ffc037a1000 	C:\WINDOWS\System32\shlwapi.dll
0x00007ffbffc20000 - 0x00007ffbffc31000 	C:\WINDOWS\System32\kernel.appcore.dll
0x00007ffbffc40000 - 0x00007ffbffc5f000 	C:\WINDOWS\System32\profapi.dll
0x00007ffbffbd0000 - 0x00007ffbffc1c000 	C:\WINDOWS\System32\powrprof.dll
0x00007ffbffba0000 - 0x00007ffbffbaa000 	C:\WINDOWS\System32\FLTLIB.DLL
0x00007ffbf25d0000 - 0x00007ffbf25ea000 	D:\Android\Android Studio\jre\jre\bin\net.dll
0x00007ffbff420000 - 0x00007ffbff486000 	C:\WINDOWS\system32\mswsock.dll
0x00007ffbf25b0000 - 0x00007ffbf25c1000 	D:\Android\Android Studio\jre\jre\bin\nio.dll
0x00007ffbf0330000 - 0x00007ffbf034e000 	C:\Users\pyrov\.gradle\native\25\windows-amd64\native-platform.dll
0x00007ffbfbdc0000 - 0x00007ffbfbdcd000 	D:\Android\Android Studio\jre\jre\bin\management.dll
0x00007ffbff5e0000 - 0x00007ffbff5f7000 	C:\WINDOWS\SYSTEM32\CRYPTSP.dll
0x00007ffbff000000 - 0x00007ffbff033000 	C:\WINDOWS\system32\rsaenh.dll
0x00007ffbff700000 - 0x00007ffbff725000 	C:\WINDOWS\SYSTEM32\bcrypt.dll
0x00007ffbffaa0000 - 0x00007ffbffac8000 	C:\WINDOWS\SYSTEM32\USERENV.dll
0x00007ffbff5d0000 - 0x00007ffbff5db000 	C:\WINDOWS\SYSTEM32\CRYPTBASE.dll
0x00007ffbff1a0000 - 0x00007ffbff1d8000 	C:\WINDOWS\SYSTEM32\IPHLPAPI.DLL
0x00007ffc01d80000 - 0x00007ffc01d88000 	C:\WINDOWS\System32\NSI.dll
0x00007ffbf9de0000 - 0x00007ffbf9df6000 	C:\WINDOWS\SYSTEM32\dhcpcsvc6.DLL
0x00007ffbf9dc0000 - 0x00007ffbf9dda000 	C:\WINDOWS\SYSTEM32\dhcpcsvc.DLL
0x00007ffbfec90000 - 0x00007ffbfecc1000 	C:\WINDOWS\SYSTEM32\ntmarta.dll
0x00007ffbf8460000 - 0x00007ffbf8629000 	C:\WINDOWS\SYSTEM32\dbghelp.dll

VM Arguments:
jvm_args: -Xmx1536m -Dfile.encoding=windows-1251 -Duser.country=RU -Duser.language=ru -Duser.variant 
java_command: org.gradle.launcher.daemon.bootstrap.GradleDaemon 4.4
java_class_path (initial): C:\Users\pyrov\.gradle\wrapper\dists\gradle-4.4-all\9br9xq1tocpiv8o6njlyu5op1\gradle-4.4\lib\gradle-launcher-4.4.jar
Launcher Type: SUN_STANDARD

Environment Variables:
PATH=C:\Windows\system32;C:\Windows;C:\Windows\System32\Wbem;C:\Windows\System32\WindowsPowerShell\v1.0\;C:\WINDOWS\system32;C:\WINDOWS;C:\WINDOWS\System32\Wbem;C:\WINDOWS\System32\WindowsPowerShell\v1.0\;C:\WINDOWS\System32\OpenSSH\;D:\Git\cmd;C:\Program Files (x86)\NVIDIA Corporation\PhysX\Common;C:\Users\pyrov\AppData\Local\Microsoft\WindowsApps;
USERNAME=pyrov
OS=Windows_NT
PROCESSOR_IDENTIFIER=Intel64 Family 6 Model 69 Stepping 1, GenuineIntel



---------------  S Y S T E M  ---------------

OS: Windows 10.0 , 64 bit Build 17134 (10.0.17134.1)

CPU:total 4 (initial active 4) (2 cores per cpu, 2 threads per core) family 6 model 69 stepping 1, cmov, cx8, fxsr, mmx, sse, sse2, sse3, ssse3, sse4.1, sse4.2, popcnt, avx, avx2, aes, clmul, erms, lzcnt, ht, tsc, tscinvbit, bmi1, bmi2

Memory: 4k page, physical 8317080k(2445264k free), swap 9627800k(1909192k free)

vm_info: OpenJDK 64-Bit Server VM (25.152-b02) for windows-amd64 JRE (1.8.0_152-release-1024-b02), built by "builder" with MS VC++ 10.0 (VS2010)

time: Fri May 04 15:57:13 2018
elapsed time: 57 seconds (0d 0h 0m 57s)

