#
# A fatal error has been detected by the Java Runtime Environment:
#
#  EXCEPTION_ACCESS_VIOLATION (0xc0000005) at pc=0x00000000056b0309, pid=4068, tid=0x0000000000000ca0
#
# JRE version: OpenJDK Runtime Environment (8.0_152-b02) (build 1.8.0_152-release-1024-b02)
# Java VM: OpenJDK 64-Bit Server VM (25.152-b02 mixed mode windows-amd64 compressed oops)
# Problematic frame:
# J 25739 C2 org.objectweb.asm.MethodWriter.visitMethodInsn(ILjava/lang/String;Ljava/lang/String;Ljava/lang/String;Z)V (220 bytes) @ 0x00000000056b0309 [0x00000000056af180+0x1189]
#
# Failed to write core dump. Minidumps are not enabled by default on client versions of Windows
#
# If you would like to submit a bug report, please visit:
#   http://bugreport.java.com/bugreport/crash.jsp
#

---------------  T H R E A D  ---------------

Current thread (0x000000001d57b800):  JavaThread "ForkJoinPool.commonPool-worker-4" daemon [_thread_in_Java, id=3232, stack(0x000000006f5c0000,0x000000006f6c0000)]

siginfo: ExceptionCode=0xc0000005, writing address 0x0000000012150800

Registers:
RAX=0x0000000012150000, RBX=0x00000000e7988288, RCX=0x0000000000000800, RDX=0x000000000073ce54
RSP=0x000000006f6be1e0, RBP=0x00000000000c7848, RSI=0x00000000e79c8268, RDI=0x000000000000049f
R8 =0x00000000e754e130, R9 =0x00000000e79c8230, R10=0x000000000000123f, R11=0x000000006971c5c6
R12=0x0000000000000000, R13=0x00000000e79ca830, R14=0x0000000000000001, R15=0x000000001d57b800
RIP=0x00000000056b0309, EFLAGS=0x0000000000010206

Top of Stack: (sp=0x000000006f6be1e0)
0x000000006f6be1e0:   000000b700000000 e754e13000000083
0x000000006f6be1f0:   0000625ee754e1d8 00000000e779c5b8
0x000000006f6be200:   00000000e7892130 0000626100000162
0x000000006f6be210:   000000000000000a 00000000e754e130
0x000000006f6be220:   000000010099c028 000000000000625e
0x000000006f6be230:   e798828800006263 0000000000000019
0x000000006f6be240:   00000001000000b0 000000006f6be280
0x000000006f6be250:   00000000a236ec40 00000000e7892130
0x000000006f6be260:   0000000000000000 0000000000000006
0x000000006f6be270:   00000000e7892130 0000000007cc2b88
0x000000006f6be280:   0000000012150000 00000001004434a0
0x000000006f6be290:   000000006f6be5e8 00000000065fe134
0x000000006f6be2a0:   0000001000000002 00000000e78a56f8
0x000000006f6be2b0:   00000000e792b1e0 0000000300000001
0x000000006f6be2c0:   0000001000000002 4900000100000000
0x000000006f6be2d0:   0000000049000002 00000000e7892358 

Instructions: (pc=0x00000000056b0309)
0x00000000056b02e9:   96 10 41 8b 55 00 89 51 30 48 8b c1 41 89 45 00
0x00000000056b02f9:   49 8b d5 48 c1 ea 09 48 c1 e9 09 b8 00 00 15 12
0x00000000056b0309:   44 88 24 08 b9 00 00 15 12 44 88 24 11 85 05 e4
0x00000000056b0319:   fc 88 fd 85 ed 0f 84 7f ff ff ff 48 8b cd eb 99 


Register to memory mapping:

RAX=0x0000000012150000 is an unknown value
RBX=0x00000000e7988288 is an oop
[Lorg.objectweb.asm.Item; 
 - klass: 'org/objectweb/asm/Item'[]
 - length: 2335
RCX=0x0000000000000800 is an unknown value
RDX=0x000000000073ce54 is an unknown value
RSP=0x000000006f6be1e0 is pointing into the stack for thread: 0x000000001d57b800
RBP=0x00000000000c7848 is pointing into metadata
RSI=0x00000000e79c8268 is an oop
[Lorg.objectweb.asm.Item; 
 - klass: 'org/objectweb/asm/Item'[]
 - length: 4671
RDI=0x000000000000049f is an unknown value
R8 =0x00000000e754e130 is an oop
com.android.build.gradle.internal.incremental.IncrementalVisitor$1 
 - klass: 'com/android/build/gradle/internal/incremental/IncrementalVisitor$1'
R9 =0x00000000e79c8230 is an oop
org.objectweb.asm.Item 
 - klass: 'org/objectweb/asm/Item'
R10=0x000000000000123f is an unknown value
R11=0x000000006971c5c6 is an unknown value
R12=0x0000000000000000 is an unknown value
R13=0x00000000e79ca830 is an oop

[error occurred during error reporting (printing register info), id 0xc0000005]

Stack: [0x000000006f5c0000,0x000000006f6c0000],  sp=0x000000006f6be1e0,  free space=1016k
Native frames: (J=compiled Java code, j=interpreted, Vv=VM code, C=native code)
C  0x00000000056b0309


---------------  P R O C E S S  ---------------

Java Threads: ( => current thread )
=>0x000000001d57b800 JavaThread "ForkJoinPool.commonPool-worker-4" daemon [_thread_in_Java, id=3232, stack(0x000000006f5c0000,0x000000006f6c0000)]
  0x000000001d574800 JavaThread "ForkJoinPool.commonPool-worker-3" daemon [_thread_in_native, id=13008, stack(0x000000006f4c0000,0x000000006f5c0000)]
  0x000000001ce1d000 JavaThread "ForkJoinPool.commonPool-worker-2" daemon [_thread_in_native, id=2536, stack(0x000000006e5c0000,0x000000006e6c0000)]
  0x000000001d575800 JavaThread "Task worker for ':' Thread 3" [_thread_blocked, id=1924, stack(0x000000006d7c0000,0x000000006d8c0000)]
  0x000000001d572800 JavaThread "Task worker for ':' Thread 2" [_thread_blocked, id=6152, stack(0x000000006d6c0000,0x000000006d7c0000)]
  0x000000001d573000 JavaThread "Task worker for ':'" [_thread_blocked, id=6228, stack(0x000000006d5c0000,0x000000006d6c0000)]
  0x000000001d571000 JavaThread "Cache worker for Build Output Cleanup Cache (D:\Android\FlickrGallery\.gradle\buildOutputCleanup)" [_thread_blocked, id=8780, stack(0x000000006d4c0000,0x000000006d5c0000)]
  0x000000001d574000 JavaThread "Cache worker for task history cache (D:\Android\FlickrGallery\.gradle\4.4\taskHistory)" [_thread_blocked, id=320, stack(0x000000006d3c0000,0x000000006d4c0000)]
  0x000000001c3e4800 JavaThread "Cache worker for file content cache (D:\Android\FlickrGallery\.gradle\4.4\fileContent)" [_thread_blocked, id=7620, stack(0x000000006d2c0000,0x000000006d3c0000)]
  0x000000001c3e1800 JavaThread "build operations Thread 4" [_thread_blocked, id=1236, stack(0x000000006d1c0000,0x000000006d2c0000)]
  0x000000001c3e1000 JavaThread "build operations Thread 3" [_thread_blocked, id=1812, stack(0x000000006d0c0000,0x000000006d1c0000)]
  0x000000001c3e4000 JavaThread "build operations Thread 2" [_thread_blocked, id=6760, stack(0x000000006cfc0000,0x000000006d0c0000)]
  0x000000001c3e0000 JavaThread "build operations" [_thread_blocked, id=8836, stack(0x000000006cec0000,0x000000006cfc0000)]
  0x000000001c3d8800 JavaThread "Cache worker for Artifact transforms cache (C:\Users\pyrov\.gradle\caches\transforms-1)" [_thread_blocked, id=6392, stack(0x000000006cdc0000,0x000000006cec0000)]
  0x000000001c3d8000 JavaThread "Cache worker for file hash cache (D:\Android\FlickrGallery\.gradle\4.4\fileHashes)" [_thread_blocked, id=13032, stack(0x000000006ccc0000,0x000000006cdc0000)]
  0x000000001c3de800 JavaThread "Stdin handler" [_thread_blocked, id=1452, stack(0x000000006cbc0000,0x000000006ccc0000)]
  0x000000001c3de000 JavaThread "Asynchronous log dispatcher for DefaultDaemonConnection: socket connection from /127.0.0.1:61858 to /127.0.0.1:63214" [_thread_blocked, id=12192, stack(0x000000006cac0000,0x000000006cbc0000)]
  0x000000001c3db800 JavaThread "Cancel handler" [_thread_blocked, id=6984, stack(0x000000006c9c0000,0x000000006cac0000)]
  0x000000001c3dd000 JavaThread "Handler for socket connection from /127.0.0.1:61858 to /127.0.0.1:63214" [_thread_in_native, id=5960, stack(0x000000006c8c0000,0x000000006c9c0000)]
  0x000000001d57a000 JavaThread "Worker Daemon Execution Thread 5" [_thread_blocked, id=3564, stack(0x0000000069ec0000,0x0000000069fc0000)]
  0x000000001d578800 JavaThread "Worker Daemon Execution Thread 4" [_thread_blocked, id=11844, stack(0x0000000069dc0000,0x0000000069ec0000)]
  0x000000001d577800 JavaThread "Worker Daemon Execution Thread 3" [_thread_blocked, id=1712, stack(0x0000000069cc0000,0x0000000069dc0000)]
  0x000000001d57a800 JavaThread "Worker Daemon Execution Thread 2" [_thread_blocked, id=8860, stack(0x0000000069bc0000,0x0000000069cc0000)]
  0x000000001d577000 JavaThread "Worker Daemon Execution" [_thread_blocked, id=2648, stack(0x0000000069ac0000,0x0000000069bc0000)]
  0x000000001ce1a800 JavaThread "Daemon worker Thread 14" [_thread_blocked, id=13280, stack(0x00000000615d0000,0x00000000616d0000)]
  0x000000001ce1a000 JavaThread "Daemon Thread 14" [_thread_blocked, id=5156, stack(0x00000000612d0000,0x00000000613d0000)]
  0x000000001ce22000 JavaThread "Java2D Disposer" daemon [_thread_blocked, id=10276, stack(0x0000000024f00000,0x0000000025000000)]
  0x000000001d616000 JavaThread "Memory manager" [_thread_blocked, id=10856, stack(0x0000000022150000,0x0000000022250000)]
  0x0000000019dcd000 JavaThread "File lock request listener" [_thread_in_native, id=9252, stack(0x000000001b6c0000,0x000000001b7c0000)]
  0x0000000019d0d800 JavaThread "Cache worker for file hash cache (C:\Users\pyrov\.gradle\caches\4.4\fileHashes)" [_thread_blocked, id=5668, stack(0x000000001b5c0000,0x000000001b6c0000)]
  0x00000000199f0000 JavaThread "Daemon periodic checks" [_thread_blocked, id=3856, stack(0x000000001aac0000,0x000000001abc0000)]
  0x00000000199eb000 JavaThread "Incoming local TCP Connector on port 61858" [_thread_in_native, id=11232, stack(0x000000001a880000,0x000000001a980000)]
  0x00000000185a0800 JavaThread "Service Thread" daemon [_thread_blocked, id=6596, stack(0x0000000018970000,0x0000000018a70000)]
  0x0000000016c0a000 JavaThread "C1 CompilerThread2" daemon [_thread_blocked, id=12412, stack(0x0000000018470000,0x0000000018570000)]
  0x0000000016bfd000 JavaThread "C2 CompilerThread1" daemon [_thread_blocked, id=2040, stack(0x0000000018370000,0x0000000018470000)]
  0x0000000016bf8800 JavaThread "C2 CompilerThread0" daemon [_thread_blocked, id=7296, stack(0x0000000018270000,0x0000000018370000)]
  0x0000000016c08000 JavaThread "Attach Listener" daemon [_thread_blocked, id=2080, stack(0x0000000018170000,0x0000000018270000)]
  0x0000000016c07000 JavaThread "Signal Dispatcher" daemon [_thread_blocked, id=4836, stack(0x0000000018070000,0x0000000018170000)]
  0x000000000328c000 JavaThread "Finalizer" daemon [_thread_blocked, id=3604, stack(0x0000000017e70000,0x0000000017f70000)]
  0x0000000003281800 JavaThread "Reference Handler" daemon [_thread_blocked, id=12080, stack(0x0000000017d70000,0x0000000017e70000)]
  0x0000000003190800 JavaThread "main" [_thread_blocked, id=12568, stack(0x0000000003090000,0x0000000003190000)]

Other Threads:
  0x0000000016bc5000 VMThread [stack: 0x0000000017c70000,0x0000000017d70000] [id=8956]
  0x00000000185a5000 WatcherThread [stack: 0x0000000018a70000,0x0000000018b70000] [id=8576]

VM state:not at safepoint (normal execution)

VM Mutex/Monitor currently owned by a thread: None

Heap:
 PSYoungGen      total 457216K, used 136856K [0x00000000e0000000, 0x0000000100000000, 0x0000000100000000)
  eden space 391680K, 33% used [0x00000000e0000000,0x00000000e802fc60,0x00000000f7e80000)
  from space 65536K, 8% used [0x00000000f7e80000,0x00000000f83f66f8,0x00000000fbe80000)
  to   space 66560K, 0% used [0x00000000fbf00000,0x00000000fbf00000,0x0000000100000000)
 ParOldGen       total 196608K, used 49842K [0x00000000a0000000, 0x00000000ac000000, 0x00000000e0000000)
  object space 196608K, 25% used [0x00000000a0000000,0x00000000a30ac8d8,0x00000000ac000000)
 Metaspace       used 89493K, capacity 95122K, committed 106072K, reserved 1142784K
  class space    used 10897K, capacity 11848K, committed 13440K, reserved 1048576K

Card table byte_map: [0x0000000012650000,0x0000000012960000] byte_map_base: 0x0000000012150000

Marking Bits: (ParMarkBitMap*) 0x0000000063d44970
 Begin Bits: [0x0000000012f60000, 0x0000000014760000)
 End Bits:   [0x0000000014760000, 0x0000000015f60000)

Polling page: 0x0000000002f40000

CodeCache: size=245760Kb used=84512Kb max_used=88403Kb free=161247Kb
 bounds [0x0000000003290000, 0x0000000008970000, 0x0000000012290000]
 total_blobs=23242 nmethods=22288 adapters=865
 compilation: enabled

Compilation events (10 events):
Event: 3922.676 Thread 0x0000000016bf8800 nmethod 31342 0x0000000004f859d0 code [0x0000000004f85b40, 0x0000000004f860f8]
Event: 3922.681 Thread 0x0000000016c0a000 31348       3       org.objectweb.asm.ClassWriter::newNameType (10 bytes)
Event: 3922.682 Thread 0x0000000016c0a000 nmethod 31348 0x0000000004d37a10 code [0x0000000004d37b80, 0x0000000004d37d88]
Event: 3922.682 Thread 0x0000000016bfd000 31349       4       org.objectweb.asm.tree.InsnList::get (42 bytes)
Event: 3922.682 Thread 0x0000000016c0a000 31350       1       org.objectweb.asm.tree.TypeInsnNode::getType (2 bytes)
Event: 3922.683 Thread 0x0000000016c0a000 nmethod 31350 0x0000000005cdfd90 code [0x0000000005cdfee0, 0x0000000005cdfff0]
Event: 3922.685 Thread 0x0000000016c0a000 31351       3       org.objectweb.asm.ClassWriter::a (64 bytes)
Event: 3922.686 Thread 0x0000000016c0a000 nmethod 31351 0x0000000005124f50 code [0x0000000005125100, 0x0000000005125568]
Event: 3922.688 Thread 0x0000000016c0a000 31352       3       org.objectweb.asm.MethodWriter::visitIntInsn (104 bytes)
Event: 3922.689 Thread 0x0000000016c0a000 nmethod 31352 0x0000000004db81d0 code [0x0000000004db8380, 0x0000000004db8808]

GC Heap History (10 events):
Event: 3893.453 GC heap before
{Heap before GC invocations=78 (full 4):
 PSYoungGen      total 381952K, used 362353K [0x00000000e0000000, 0x00000000fdb00000, 0x0000000100000000)
  eden space 332800K, 100% used [0x00000000e0000000,0x00000000f4500000,0x00000000f4500000)
  from space 49152K, 60% used [0x00000000f4500000,0x00000000f61dc7d8,0x00000000f7500000)
  to   space 48640K, 0% used [0x00000000fab80000,0x00000000fab80000,0x00000000fdb00000)
 ParOldGen       total 208384K, used 154745K [0x00000000a0000000, 0x00000000acb80000, 0x00000000e0000000)
  object space 208384K, 74% used [0x00000000a0000000,0x00000000a971e628,0x00000000acb80000)
 Metaspace       used 99496K, capacity 105890K, committed 106072K, reserved 1142784K
  class space    used 12010K, capacity 13388K, committed 13440K, reserved 1048576K
Event: 3893.540 GC heap after
Heap after GC invocations=78 (full 4):
 PSYoungGen      total 422912K, used 48629K [0x00000000e0000000, 0x00000000ff780000, 0x0000000100000000)
  eden space 374272K, 0% used [0x00000000e0000000,0x00000000e0000000,0x00000000f6d80000)
  from space 48640K, 99% used [0x00000000fab80000,0x00000000fdafd6b0,0x00000000fdb00000)
  to   space 63488K, 0% used [0x00000000f6d80000,0x00000000f6d80000,0x00000000fab80000)
 ParOldGen       total 208384K, used 177157K [0x00000000a0000000, 0x00000000acb80000, 0x00000000e0000000)
  object space 208384K, 85% used [0x00000000a0000000,0x00000000aad01430,0x00000000acb80000)
 Metaspace       used 99496K, capacity 105890K, committed 106072K, reserved 1142784K
  class space    used 12010K, capacity 13388K, committed 13440K, reserved 1048576K
}
Event: 3894.809 GC heap before
{Heap before GC invocations=79 (full 4):
 PSYoungGen      total 422912K, used 422190K [0x00000000e0000000, 0x00000000ff780000, 0x0000000100000000)
  eden space 374272K, 99% used [0x00000000e0000000,0x00000000f6cce470,0x00000000f6d80000)
  from space 48640K, 99% used [0x00000000fab80000,0x00000000fdafd6b0,0x00000000fdb00000)
  to   space 63488K, 0% used [0x00000000f6d80000,0x00000000f6d80000,0x00000000fab80000)
 ParOldGen       total 208384K, used 177157K [0x00000000a0000000, 0x00000000acb80000, 0x00000000e0000000)
  object space 208384K, 85% used [0x00000000a0000000,0x00000000aad01430,0x00000000acb80000)
 Metaspace       used 99519K, capacity 105894K, committed 106072K, reserved 1142784K
  class space    used 12010K, capacity 13388K, committed 13440K, reserved 1048576K
Event: 3894.885 GC heap after
Heap after GC invocations=79 (full 4):
 PSYoungGen      total 437760K, used 47680K [0x00000000e0000000, 0x0000000100000000, 0x0000000100000000)
  eden space 374272K, 0% used [0x00000000e0000000,0x00000000e0000000,0x00000000f6d80000)
  from space 63488K, 75% used [0x00000000f6d80000,0x00000000f9c10160,0x00000000fab80000)
  to   space 67072K, 0% used [0x00000000fbe80000,0x00000000fbe80000,0x0000000100000000)
 ParOldGen       total 208384K, used 189893K [0x00000000a0000000, 0x00000000acb80000, 0x00000000e0000000)
  object space 208384K, 91% used [0x00000000a0000000,0x00000000ab971658,0x00000000acb80000)
 Metaspace       used 99519K, capacity 105894K, committed 106072K, reserved 1142784K
  class space    used 12010K, capacity 13388K, committed 13440K, reserved 1048576K
}
Event: 3894.913 GC heap before
{Heap before GC invocations=80 (full 4):
 PSYoungGen      total 437760K, used 420958K [0x00000000e0000000, 0x0000000100000000, 0x0000000100000000)
  eden space 374272K, 99% used [0x00000000e0000000,0x00000000f6c876c0,0x00000000f6d80000)
  from space 63488K, 75% used [0x00000000f6d80000,0x00000000f9c10160,0x00000000fab80000)
  to   space 67072K, 0% used [0x00000000fbe80000,0x00000000fbe80000,0x0000000100000000)
 ParOldGen       total 208384K, used 189893K [0x00000000a0000000, 0x00000000acb80000, 0x00000000e0000000)
  object space 208384K, 91% used [0x00000000a0000000,0x00000000ab971658,0x00000000acb80000)
 Metaspace       used 99519K, capacity 105894K, committed 106072K, reserved 1142784K
  class space    used 12010K, capacity 13388K, committed 13440K, reserved 1048576K
Event: 3894.960 GC heap after
Heap after GC invocations=80 (full 4):
 PSYoungGen      total 458752K, used 37296K [0x00000000e0000000, 0x0000000100000000, 0x0000000100000000)
  eden space 391680K, 0% used [0x00000000e0000000,0x00000000e0000000,0x00000000f7e80000)
  from space 67072K, 55% used [0x00000000fbe80000,0x00000000fe2ec2c8,0x0000000100000000)
  to   space 65536K, 0% used [0x00000000f7e80000,0x00000000f7e80000,0x00000000fbe80000)
 ParOldGen       total 208384K, used 195050K [0x00000000a0000000, 0x00000000acb80000, 0x00000000e0000000)
  object space 208384K, 93% used [0x00000000a0000000,0x00000000abe7aa30,0x00000000acb80000)
 Metaspace       used 99519K, capacity 105894K, committed 106072K, reserved 1142784K
  class space    used 12010K, capacity 13388K, committed 13440K, reserved 1048576K
}
Event: 3894.960 GC heap before
{Heap before GC invocations=81 (full 5):
 PSYoungGen      total 458752K, used 37296K [0x00000000e0000000, 0x0000000100000000, 0x0000000100000000)
  eden space 391680K, 0% used [0x00000000e0000000,0x00000000e0000000,0x00000000f7e80000)
  from space 67072K, 55% used [0x00000000fbe80000,0x00000000fe2ec2c8,0x0000000100000000)
  to   space 65536K, 0% used [0x00000000f7e80000,0x00000000f7e80000,0x00000000fbe80000)
 ParOldGen       total 208384K, used 195050K [0x00000000a0000000, 0x00000000acb80000, 0x00000000e0000000)
  object space 208384K, 93% used [0x00000000a0000000,0x00000000abe7aa30,0x00000000acb80000)
 Metaspace       used 99519K, capacity 105894K, committed 106072K, reserved 1142784K
  class space    used 12010K, capacity 13388K, committed 13440K, reserved 1048576K
Event: 3895.209 GC heap after
Heap after GC invocations=81 (full 5):
 PSYoungGen      total 458752K, used 0K [0x00000000e0000000, 0x0000000100000000, 0x0000000100000000)
  eden space 391680K, 0% used [0x00000000e0000000,0x00000000e0000000,0x00000000f7e80000)
  from space 67072K, 0% used [0x00000000fbe80000,0x00000000fbe80000,0x0000000100000000)
  to   space 65536K, 0% used [0x00000000f7e80000,0x00000000f7e80000,0x00000000fbe80000)
 ParOldGen       total 196608K, used 49842K [0x00000000a0000000, 0x00000000ac000000, 0x00000000e0000000)
  object space 196608K, 25% used [0x00000000a0000000,0x00000000a30ac8d8,0x00000000ac000000)
 Metaspace       used 89454K, capacity 94994K, committed 106072K, reserved 1142784K
  class space    used 10896K, capacity 11848K, committed 13440K, reserved 1048576K
}
Event: 3921.076 GC heap before
{Heap before GC invocations=82 (full 5):
 PSYoungGen      total 458752K, used 391003K [0x00000000e0000000, 0x0000000100000000, 0x0000000100000000)
  eden space 391680K, 99% used [0x00000000e0000000,0x00000000f7dd6fe0,0x00000000f7e80000)
  from space 67072K, 0% used [0x00000000fbe80000,0x00000000fbe80000,0x0000000100000000)
  to   space 65536K, 0% used [0x00000000f7e80000,0x00000000f7e80000,0x00000000fbe80000)
 ParOldGen       total 196608K, used 49842K [0x00000000a0000000, 0x00000000ac000000, 0x00000000e0000000)
  object space 196608K, 25% used [0x00000000a0000000,0x00000000a30ac8d8,0x00000000ac000000)
 Metaspace       used 89482K, capacity 95058K, committed 106072K, reserved 1142784K
  class space    used 10897K, capacity 11848K, committed 13440K, reserved 1048576K
Event: 3921.086 GC heap after
Heap after GC invocations=82 (full 5):
 PSYoungGen      total 457216K, used 5593K [0x00000000e0000000, 0x0000000100000000, 0x0000000100000000)
  eden space 391680K, 0% used [0x00000000e0000000,0x00000000e0000000,0x00000000f7e80000)
  from space 65536K, 8% used [0x00000000f7e80000,0x00000000f83f66f8,0x00000000fbe80000)
  to   space 66560K, 0% used [0x00000000fbf00000,0x00000000fbf00000,0x0000000100000000)
 ParOldGen       total 196608K, used 49842K [0x00000000a0000000, 0x00000000ac000000, 0x00000000e0000000)
  object space 196608K, 25% used [0x00000000a0000000,0x00000000a30ac8d8,0x00000000ac000000)
 Metaspace       used 89482K, capacity 95058K, committed 106072K, reserved 1142784K
  class space    used 10897K, capacity 11848K, committed 13440K, reserved 1048576K
}

Deoptimization events (10 events):
Event: 3891.235 Thread 0x000000001d579000 Uncommon trap: reason=array_check action=maybe_recompile pc=0x0000000004aa9d44 method=com.google.common.collect.ImmutableSortedMap.fromEntries(Ljava/util/Comparator;ZI[Ljava/util/Map$Entry;)Lcom/google/common/collect/ImmutableSortedMap; @ 35
Event: 3891.235 Thread 0x000000001d579000 Uncommon trap: reason=array_check action=maybe_recompile pc=0x0000000004aa9d44 method=com.google.common.collect.ImmutableSortedMap.fromEntries(Ljava/util/Comparator;ZI[Ljava/util/Map$Entry;)Lcom/google/common/collect/ImmutableSortedMap; @ 35
Event: 3892.159 Thread 0x000000001d579000 Uncommon trap: reason=array_check action=maybe_recompile pc=0x0000000004aa9d44 method=com.google.common.collect.ImmutableSortedMap.fromEntries(Ljava/util/Comparator;ZI[Ljava/util/Map$Entry;)Lcom/google/common/collect/ImmutableSortedMap; @ 35
Event: 3892.162 Thread 0x000000001d579000 Uncommon trap: reason=array_check action=maybe_recompile pc=0x0000000004aa9d44 method=com.google.common.collect.ImmutableSortedMap.fromEntries(Ljava/util/Comparator;ZI[Ljava/util/Map$Entry;)Lcom/google/common/collect/ImmutableSortedMap; @ 35
Event: 3895.239 Thread 0x000000001d61a800 Uncommon trap: reason=unstable_if action=reinterpret pc=0x00000000051fdde0 method=java.math.MutableBigInteger.divideMagnitude(Ljava/math/MutableBigInteger;Ljava/math/MutableBigInteger;Z)Ljava/math/MutableBigInteger; @ 346
Event: 3895.290 Thread 0x000000001ce1a800 Uncommon trap: reason=unstable_if action=reinterpret pc=0x00000000047dff60 method=sun.util.locale.provider.LocaleResources.removeEmptyReferences()V @ 9
Event: 3918.767 Thread 0x000000001ce1a800 Uncommon trap: reason=unstable_if action=reinterpret pc=0x0000000006a88814 method=java.lang.ref.SoftReference.get()Ljava/lang/Object; @ 6
Event: 3918.768 Thread 0x000000001ce1a800 Uncommon trap: reason=unstable_if action=reinterpret pc=0x0000000003aedc48 method=java.lang.ref.SoftReference.get()Ljava/lang/Object; @ 6
Event: 3918.776 Thread 0x000000001ce1a800 Uncommon trap: reason=unstable_if action=reinterpret pc=0x00000000038437f4 method=java.lang.ref.SoftReference.get()Ljava/lang/Object; @ 6
Event: 3918.959 Thread 0x000000001ce1a800 Uncommon trap: reason=unstable_if action=reinterpret pc=0x0000000003f9d60c method=java.lang.ref.SoftReference.get()Ljava/lang/Object; @ 6

Classes redefined (0 events):
No events

Internal exceptions (10 events):
Event: 3892.030 Thread 0x000000001c3dd000 Exception <a 'sun/nio/fs/WindowsException'> (0x00000000e1bd7990) thrown at [D:\src\AOSP-openjdk-cygwin\jdk8u\hotspot\src\share\vm\prims\jni.cpp, line 709]
Event: 3892.031 Thread 0x000000001d619000 Exception <a 'sun/nio/fs/WindowsException'> (0x00000000e1898540) thrown at [D:\src\AOSP-openjdk-cygwin\jdk8u\hotspot\src\share\vm\prims\jni.cpp, line 709]
Event: 3892.271 Thread 0x000000001d579000 Exception <a 'sun/nio/fs/WindowsException'> (0x00000000e2f1f138) thrown at [D:\src\AOSP-openjdk-cygwin\jdk8u\hotspot\src\share\vm\prims\jni.cpp, line 709]
Event: 3892.837 Thread 0x000000001c3db800 Exception <a 'sun/nio/fs/WindowsException'> (0x00000000ecddb588) thrown at [D:\src\AOSP-openjdk-cygwin\jdk8u\hotspot\src\share\vm\prims\jni.cpp, line 709]
Event: 3893.014 Thread 0x000000001d579000 Exception <a 'sun/nio/fs/WindowsException'> (0x00000000ed0a4620) thrown at [D:\src\AOSP-openjdk-cygwin\jdk8u\hotspot\src\share\vm\prims\jni.cpp, line 709]
Event: 3893.698 Thread 0x000000001c3db800 Exception <a 'sun/nio/fs/WindowsException'> (0x00000000e2ca4168) thrown at [D:\src\AOSP-openjdk-cygwin\jdk8u\hotspot\src\share\vm\prims\jni.cpp, line 709]
Event: 3918.767 Thread 0x000000001ce1a800 Implicit null exception at 0x0000000006a8825c to 0x0000000006a887ed
Event: 3918.768 Thread 0x000000001ce1a800 Implicit null exception at 0x0000000003aed7c0 to 0x0000000003aedc2d
Event: 3918.907 Thread 0x000000001ce1a800 Exception <a 'sun/nio/fs/WindowsException'> (0x00000000e4e1aeb8) thrown at [D:\src\AOSP-openjdk-cygwin\jdk8u\hotspot\src\share\vm\prims\jni.cpp, line 709]
Event: 3918.959 Thread 0x000000001ce1a800 Implicit null exception at 0x0000000003f9c19c to 0x0000000003f9d5f5

Events (10 events):
Event: 3922.209 Thread 0x0000000016bfd000 flushing nmethod 0x0000000005fd5e10
Event: 3922.367 Thread 0x0000000016bf8800 flushing nmethod 0x000000000676dad0
Event: 3922.367 Thread 0x0000000016bf8800 flushing nmethod 0x0000000006810910
Event: 3922.391 Thread 0x000000001d574800 Thread added: 0x000000001d574800
Event: 3922.391 Thread 0x000000001d57b800 Thread added: 0x000000001d57b800
Event: 3922.440 Thread 0x0000000016c0a000 flushing nmethod 0x0000000007302dd0
Event: 3922.642 Executing VM operation: RevokeBias
Event: 3922.642 Executing VM operation: RevokeBias done
Event: 3922.644 Executing VM operation: RevokeBias
Event: 3922.644 Executing VM operation: RevokeBias done


Dynamic libraries:
0x00007ff72c280000 - 0x00007ff72c2b1000 	D:\Android\Android Studio\jre\bin\java.exe
0x00007ffc03890000 - 0x00007ffc03a71000 	C:\WINDOWS\SYSTEM32\ntdll.dll
0x00007ffc00d20000 - 0x00007ffc00dd2000 	C:\WINDOWS\System32\KERNEL32.DLL
0x00007ffbffe60000 - 0x00007ffc000d3000 	C:\WINDOWS\System32\KERNELBASE.dll
0x00007ffc013f0000 - 0x00007ffc01491000 	C:\WINDOWS\System32\ADVAPI32.dll
0x00007ffc01620000 - 0x00007ffc016be000 	C:\WINDOWS\System32\msvcrt.dll
0x00007ffc00de0000 - 0x00007ffc00e3b000 	C:\WINDOWS\System32\sechost.dll
0x00007ffc01d90000 - 0x00007ffc01eb4000 	C:\WINDOWS\System32\RPCRT4.dll
0x00007ffc01010000 - 0x00007ffc011a0000 	C:\WINDOWS\System32\USER32.dll
0x00007ffbffe40000 - 0x00007ffbffe60000 	C:\WINDOWS\System32\win32u.dll
0x00007ffc011a0000 - 0x00007ffc011c8000 	C:\WINDOWS\System32\GDI32.dll
0x00007ffc000e0000 - 0x00007ffc00272000 	C:\WINDOWS\System32\gdi32full.dll
0x00007ffc00c80000 - 0x00007ffc00d1f000 	C:\WINDOWS\System32\msvcp_win.dll
0x00007ffc00470000 - 0x00007ffc0056a000 	C:\WINDOWS\System32\ucrtbase.dll
0x00007ffbf3590000 - 0x00007ffbf37f9000 	C:\WINDOWS\WinSxS\amd64_microsoft.windows.common-controls_6595b64144ccf1df_6.0.17134.1_none_e4da93291059d8fb\COMCTL32.dll
0x00007ffc016c0000 - 0x00007ffc019e3000 	C:\WINDOWS\System32\combase.dll
0x00007ffbffc60000 - 0x00007ffbffcda000 	C:\WINDOWS\System32\bcryptPrimitives.dll
0x00007ffc01d50000 - 0x00007ffc01d7d000 	C:\WINDOWS\System32\IMM32.DLL
0x00000000633c0000 - 0x0000000063492000 	D:\Android\Android Studio\jre\jre\bin\msvcr100.dll
0x0000000063580000 - 0x0000000063dbf000 	D:\Android\Android Studio\jre\jre\bin\server\jvm.dll
0x00007ffc015a0000 - 0x00007ffc015a8000 	C:\WINDOWS\System32\PSAPI.DLL
0x00007ffbfade0000 - 0x00007ffbfae03000 	C:\WINDOWS\SYSTEM32\WINMM.dll
0x00007ffbf9320000 - 0x00007ffbf932a000 	C:\WINDOWS\SYSTEM32\VERSION.dll
0x00007ffbe3b30000 - 0x00007ffbe3b39000 	C:\WINDOWS\SYSTEM32\WSOCK32.dll
0x00007ffc015b0000 - 0x00007ffc0161c000 	C:\WINDOWS\System32\WS2_32.dll
0x00007ffbfad90000 - 0x00007ffbfadba000 	C:\WINDOWS\SYSTEM32\winmmbase.dll
0x00007ffbffd90000 - 0x00007ffbffdd9000 	C:\WINDOWS\System32\cfgmgr32.dll
0x00007ffbfc700000 - 0x00007ffbfc70f000 	D:\Android\Android Studio\jre\jre\bin\verify.dll
0x00007ffbf2f50000 - 0x00007ffbf2f79000 	D:\Android\Android Studio\jre\jre\bin\java.dll
0x00007ffbf25f0000 - 0x00007ffbf2606000 	D:\Android\Android Studio\jre\jre\bin\zip.dll
0x00007ffc01ec0000 - 0x00007ffc03300000 	C:\WINDOWS\System32\SHELL32.dll
0x00007ffc037b0000 - 0x00007ffc03859000 	C:\WINDOWS\System32\shcore.dll
0x00007ffc00570000 - 0x00007ffc00c7d000 	C:\WINDOWS\System32\windows.storage.dll
0x00007ffc03750000 - 0x00007ffc037a1000 	C:\WINDOWS\System32\shlwapi.dll
0x00007ffbffc20000 - 0x00007ffbffc31000 	C:\WINDOWS\System32\kernel.appcore.dll
0x00007ffbffc40000 - 0x00007ffbffc5f000 	C:\WINDOWS\System32\profapi.dll
0x00007ffbffbd0000 - 0x00007ffbffc1c000 	C:\WINDOWS\System32\powrprof.dll
0x00007ffbffba0000 - 0x00007ffbffbaa000 	C:\WINDOWS\System32\FLTLIB.DLL
0x00007ffbf25d0000 - 0x00007ffbf25ea000 	D:\Android\Android Studio\jre\jre\bin\net.dll
0x00007ffbff420000 - 0x00007ffbff486000 	C:\WINDOWS\system32\mswsock.dll
0x00007ffbf25b0000 - 0x00007ffbf25c1000 	D:\Android\Android Studio\jre\jre\bin\nio.dll
0x00007ffbf0330000 - 0x00007ffbf034e000 	C:\Users\pyrov\.gradle\native\25\windows-amd64\native-platform.dll
0x00007ffbfbdc0000 - 0x00007ffbfbdcd000 	D:\Android\Android Studio\jre\jre\bin\management.dll
0x00007ffbff5e0000 - 0x00007ffbff5f7000 	C:\WINDOWS\SYSTEM32\CRYPTSP.dll
0x00007ffbff000000 - 0x00007ffbff033000 	C:\WINDOWS\system32\rsaenh.dll
0x00007ffbff700000 - 0x00007ffbff725000 	C:\WINDOWS\SYSTEM32\bcrypt.dll
0x00007ffbffaa0000 - 0x00007ffbffac8000 	C:\WINDOWS\SYSTEM32\USERENV.dll
0x00007ffbff5d0000 - 0x00007ffbff5db000 	C:\WINDOWS\SYSTEM32\CRYPTBASE.dll
0x00007ffbff1a0000 - 0x00007ffbff1d8000 	C:\WINDOWS\SYSTEM32\IPHLPAPI.DLL
0x00007ffc01d80000 - 0x00007ffc01d88000 	C:\WINDOWS\System32\NSI.dll
0x00007ffbf9de0000 - 0x00007ffbf9df6000 	C:\WINDOWS\SYSTEM32\dhcpcsvc6.DLL
0x00007ffbf9dc0000 - 0x00007ffbf9dda000 	C:\WINDOWS\SYSTEM32\dhcpcsvc.DLL
0x00007ffbd6ed0000 - 0x00007ffbd7066000 	D:\Android\Android Studio\jre\jre\bin\awt.dll
0x00007ffc00e40000 - 0x00007ffc00f02000 	C:\WINDOWS\System32\OLEAUT32.dll
0x00007ffbfcce0000 - 0x00007ffbfd2a7000 	C:\WINDOWS\SYSTEM32\d2d1.dll
0x00007ffbfdf00000 - 0x00007ffbfdf8b000 	C:\WINDOWS\SYSTEM32\apphelp.dll
0x00007ffbfe310000 - 0x00007ffbfe339000 	C:\WINDOWS\system32\DWMAPI.DLL
0x00007ffbfe030000 - 0x00007ffbfe0c8000 	C:\WINDOWS\system32\uxtheme.dll
0x00007ffbfec90000 - 0x00007ffbfecc1000 	C:\WINDOWS\SYSTEM32\ntmarta.dll
0x00007ffbf8460000 - 0x00007ffbf8629000 	C:\WINDOWS\SYSTEM32\dbghelp.dll

VM Arguments:
jvm_args: -Xmx1536m -Dfile.encoding=windows-1251 -Duser.country=RU -Duser.language=ru -Duser.variant 
java_command: org.gradle.launcher.daemon.bootstrap.GradleDaemon 4.4
java_class_path (initial): C:\Users\pyrov\.gradle\wrapper\dists\gradle-4.4-all\9br9xq1tocpiv8o6njlyu5op1\gradle-4.4\lib\gradle-launcher-4.4.jar
Launcher Type: SUN_STANDARD

Environment Variables:
PATH=C:\Windows\system32;C:\Windows;C:\Windows\System32\Wbem;C:\Windows\System32\WindowsPowerShell\v1.0\;C:\WINDOWS\system32;C:\WINDOWS;C:\WINDOWS\System32\Wbem;C:\WINDOWS\System32\WindowsPowerShell\v1.0\;C:\WINDOWS\System32\OpenSSH\;D:\Git\cmd;C:\Program Files (x86)\NVIDIA Corporation\PhysX\Common;C:\Users\pyrov\AppData\Local\Microsoft\WindowsApps;
USERNAME=pyrov
OS=Windows_NT
PROCESSOR_IDENTIFIER=Intel64 Family 6 Model 69 Stepping 1, GenuineIntel



---------------  S Y S T E M  ---------------

OS: Windows 10.0 , 64 bit Build 17134 (10.0.17134.1)

CPU:total 4 (initial active 4) (2 cores per cpu, 2 threads per core) family 6 model 69 stepping 1, cmov, cx8, fxsr, mmx, sse, sse2, sse3, ssse3, sse4.1, sse4.2, popcnt, avx, avx2, aes, clmul, erms, lzcnt, ht, tsc, tscinvbit, bmi1, bmi2

Memory: 4k page, physical 8317080k(2038516k free), swap 9627800k(1550172k free)

vm_info: OpenJDK 64-Bit Server VM (25.152-b02) for windows-amd64 JRE (1.8.0_152-release-1024-b02), built by "builder" with MS VC++ 10.0 (VS2010)

time: Fri May 04 15:56:02 2018
elapsed time: 3922 seconds (0d 1h 5m 22s)

